2012/05/03 11:04:32 [info] [application] request=%3C%3Fxml+version%3D%221.0%22+encoding%3D%22utf-8%22%3F%3E%0A%3Chkp_request+home_id%3D%22356440045890058%22%3E%3Cinfo+type%3D%22power%22+value%3D%22failure%22+gravity%3D%22critical%22+comment%3D%22Main+power+failure+%28grid+220V%29%22+datetime%3D%222012-05-03T11%3A04%3A31Z%22+%2F%3E%3C%2Fhkp_request%3E
in /Users/lionel/Sites/homekeeper/protected/controllers/EventController.php (263)
in /Users/lionel/Sites/homekeeper/index.php (13)
2012/05/03 11:04:32 [error] [php] DOMDocument::loadXML() [<a href='domdocument.loadxml'>domdocument.loadxml</a>]: Start tag expected, '&lt;' not found in Entity, line: 1 (/Users/lionel/Sites/homekeeper/protected/controllers/EventController.php:271)
Stack trace:
#0 /Users/lionel/Sites/yii/framework/web/actions/CAction.php(107): ReflectionMethod->invokeArgs()
#1 /Users/lionel/Sites/yii/framework/web/actions/CInlineAction.php(48): CInlineAction->runWithParamsInternal()
#2 /Users/lionel/Sites/yii/framework/web/CController.php(309): CInlineAction->runWithParams()
#3 /Users/lionel/Sites/yii/framework/web/filters/CFilterChain.php(134): EventController->runAction()
#4 /Users/lionel/Sites/yii/framework/web/filters/CFilter.php(41): CFilterChain->run()
#5 /Users/lionel/Sites/yii/framework/web/CController.php(1146): CAccessControlFilter->filter()
#6 /Users/lionel/Sites/yii/framework/web/filters/CInlineFilter.php(59): EventController->filterAccessControl()
#7 /Users/lionel/Sites/yii/framework/web/filters/CFilterChain.php(131): CInlineFilter->filter()
#8 /Users/lionel/Sites/yii/framework/web/CController.php(292): CFilterChain->run()
#9 /Users/lionel/Sites/yii/framework/web/CController.php(266): EventController->runActionWithFilters()
#10 /Users/lionel/Sites/yii/framework/web/CWebApplication.php(276): EventController->run()
#11 /Users/lionel/Sites/yii/framework/web/CWebApplication.php(135): CWebApplication->runController()
#12 /Users/lionel/Sites/yii/framework/base/CApplication.php(162): CWebApplication->processRequest()
#13 /Users/lionel/Sites/homekeeper/index.php(13): CWebApplication->run()
REQUEST_URI=/homekeeper/index.php/event/createWithXml
in /Users/lionel/Sites/homekeeper/protected/controllers/EventController.php (271)
in /Users/lionel/Sites/homekeeper/index.php (13)
2012/05/03 11:04:55 [info] [application] request=%3C%3Fxml+version%3D%221.0%22+encoding%3D%22utf-8%22%3F%3E%0A%3Chkp_request+home_id%3D%22356440045890058%22%3E%3Cinfo+type%3D%22intrusion%22+value%3D%22presence_detector%22+gravity%3D%22severe%22+comment%3D%22Intrusion%2C+detector+no+2+%28back+door%29%22+datetime%3D%222012-05-03T11%3A04%3A54Z%22+%2F%3E%3C%2Fhkp_request%3E
in /Users/lionel/Sites/homekeeper/protected/controllers/EventController.php (263)
in /Users/lionel/Sites/homekeeper/index.php (13)
2012/05/03 11:04:55 [error] [php] DOMDocument::loadXML() [<a href='domdocument.loadxml'>domdocument.loadxml</a>]: Start tag expected, '&lt;' not found in Entity, line: 1 (/Users/lionel/Sites/homekeeper/protected/controllers/EventController.php:271)
Stack trace:
#0 /Users/lionel/Sites/yii/framework/web/actions/CAction.php(107): ReflectionMethod->invokeArgs()
#1 /Users/lionel/Sites/yii/framework/web/actions/CInlineAction.php(48): CInlineAction->runWithParamsInternal()
#2 /Users/lionel/Sites/yii/framework/web/CController.php(309): CInlineAction->runWithParams()
#3 /Users/lionel/Sites/yii/framework/web/filters/CFilterChain.php(134): EventController->runAction()
#4 /Users/lionel/Sites/yii/framework/web/filters/CFilter.php(41): CFilterChain->run()
#5 /Users/lionel/Sites/yii/framework/web/CController.php(1146): CAccessControlFilter->filter()
#6 /Users/lionel/Sites/yii/framework/web/filters/CInlineFilter.php(59): EventController->filterAccessControl()
#7 /Users/lionel/Sites/yii/framework/web/filters/CFilterChain.php(131): CInlineFilter->filter()
#8 /Users/lionel/Sites/yii/framework/web/CController.php(292): CFilterChain->run()
#9 /Users/lionel/Sites/yii/framework/web/CController.php(266): EventController->runActionWithFilters()
#10 /Users/lionel/Sites/yii/framework/web/CWebApplication.php(276): EventController->run()
#11 /Users/lionel/Sites/yii/framework/web/CWebApplication.php(135): CWebApplication->runController()
#12 /Users/lionel/Sites/yii/framework/base/CApplication.php(162): CWebApplication->processRequest()
#13 /Users/lionel/Sites/homekeeper/index.php(13): CWebApplication->run()
REQUEST_URI=/homekeeper/index.php/event/createWithXml
in /Users/lionel/Sites/homekeeper/protected/controllers/EventController.php (271)
in /Users/lionel/Sites/homekeeper/index.php (13)
2012/05/03 11:05:06 [info] [application] request=%3C%3Fxml+version%3D%221.0%22+encoding%3D%22utf-8%22%3F%3E%0A%3Chkp_request+home_id%3D%22356440045890058%22%3E%3Cinfo+type%3D%22power%22+value%3D%22failure%22+gravity%3D%22critical%22+comment%3D%22Main+power+failure+%28grid+220V%29%22+datetime%3D%222012-05-03T11%3A05%3A05Z%22+%2F%3E%3C%2Fhkp_request%3E
in /Users/lionel/Sites/homekeeper/protected/controllers/EventController.php (263)
in /Users/lionel/Sites/homekeeper/index.php (13)
2012/05/03 11:05:06 [error] [php] DOMDocument::loadXML() [<a href='domdocument.loadxml'>domdocument.loadxml</a>]: Start tag expected, '&lt;' not found in Entity, line: 1 (/Users/lionel/Sites/homekeeper/protected/controllers/EventController.php:271)
Stack trace:
#0 /Users/lionel/Sites/yii/framework/web/actions/CAction.php(107): ReflectionMethod->invokeArgs()
#1 /Users/lionel/Sites/yii/framework/web/actions/CInlineAction.php(48): CInlineAction->runWithParamsInternal()
#2 /Users/lionel/Sites/yii/framework/web/CController.php(309): CInlineAction->runWithParams()
#3 /Users/lionel/Sites/yii/framework/web/filters/CFilterChain.php(134): EventController->runAction()
#4 /Users/lionel/Sites/yii/framework/web/filters/CFilter.php(41): CFilterChain->run()
#5 /Users/lionel/Sites/yii/framework/web/CController.php(1146): CAccessControlFilter->filter()
#6 /Users/lionel/Sites/yii/framework/web/filters/CInlineFilter.php(59): EventController->filterAccessControl()
#7 /Users/lionel/Sites/yii/framework/web/filters/CFilterChain.php(131): CInlineFilter->filter()
#8 /Users/lionel/Sites/yii/framework/web/CController.php(292): CFilterChain->run()
#9 /Users/lionel/Sites/yii/framework/web/CController.php(266): EventController->runActionWithFilters()
#10 /Users/lionel/Sites/yii/framework/web/CWebApplication.php(276): EventController->run()
#11 /Users/lionel/Sites/yii/framework/web/CWebApplication.php(135): CWebApplication->runController()
#12 /Users/lionel/Sites/yii/framework/base/CApplication.php(162): CWebApplication->processRequest()
#13 /Users/lionel/Sites/homekeeper/index.php(13): CWebApplication->run()
REQUEST_URI=/homekeeper/index.php/event/createWithXml
in /Users/lionel/Sites/homekeeper/protected/controllers/EventController.php (271)
in /Users/lionel/Sites/homekeeper/index.php (13)
2012/05/03 11:06:48 [info] [application] request=%3C%3Fxml+version%3D%221.0%22+encoding%3D%22utf-8%22%3F%3E%0A%3Chkp_request+home_id%3D%22356440045890058%22%3E%3Cinfo+type%3D%22network%22+value%3D%22wifi%22+gravity%3D%22medium%22+comment%3D%22Local+WiFi+network+failure+%28GSM+connection%29%22+datetime%3D%222012-05-03T11%3A06%3A47Z%22+%2F%3E%3C%2Fhkp_request%3E
in /Users/lionel/Sites/homekeeper/protected/controllers/EventController.php (263)
in /Users/lionel/Sites/homekeeper/index.php (13)
2012/05/03 11:06:48 [error] [php] DOMDocument::loadXML() [<a href='domdocument.loadxml'>domdocument.loadxml</a>]: Start tag expected, '&lt;' not found in Entity, line: 1 (/Users/lionel/Sites/homekeeper/protected/controllers/EventController.php:271)
Stack trace:
#0 /Users/lionel/Sites/yii/framework/web/actions/CAction.php(107): ReflectionMethod->invokeArgs()
#1 /Users/lionel/Sites/yii/framework/web/actions/CInlineAction.php(48): CInlineAction->runWithParamsInternal()
#2 /Users/lionel/Sites/yii/framework/web/CController.php(309): CInlineAction->runWithParams()
#3 /Users/lionel/Sites/yii/framework/web/filters/CFilterChain.php(134): EventController->runAction()
#4 /Users/lionel/Sites/yii/framework/web/filters/CFilter.php(41): CFilterChain->run()
#5 /Users/lionel/Sites/yii/framework/web/CController.php(1146): CAccessControlFilter->filter()
#6 /Users/lionel/Sites/yii/framework/web/filters/CInlineFilter.php(59): EventController->filterAccessControl()
#7 /Users/lionel/Sites/yii/framework/web/filters/CFilterChain.php(131): CInlineFilter->filter()
#8 /Users/lionel/Sites/yii/framework/web/CController.php(292): CFilterChain->run()
#9 /Users/lionel/Sites/yii/framework/web/CController.php(266): EventController->runActionWithFilters()
#10 /Users/lionel/Sites/yii/framework/web/CWebApplication.php(276): EventController->run()
#11 /Users/lionel/Sites/yii/framework/web/CWebApplication.php(135): CWebApplication->runController()
#12 /Users/lionel/Sites/yii/framework/base/CApplication.php(162): CWebApplication->processRequest()
#13 /Users/lionel/Sites/homekeeper/index.php(13): CWebApplication->run()
REQUEST_URI=/homekeeper/index.php/event/createWithXml
in /Users/lionel/Sites/homekeeper/protected/controllers/EventController.php (271)
in /Users/lionel/Sites/homekeeper/index.php (13)
2012/05/03 11:16:06 [info] [application] request=%3C%3Fxml+version%3D%221.0%22+encoding%3D%22utf-8%22%3F%3E%0A%3Chkp_request+home_id%3D%22357194042993196%22%3E%3Cinfo+type%3D%22power%22+value%3D%22failure%22+gravity%3D%22critical%22+comment%3D%22Main+power+failure+%28grid+220V%29%22+datetime%3D%222012-05-03T11%3A16%3A05Z%22+%2F%3E%3C%2Fhkp_request%3E
in /Users/lionel/Sites/homekeeper/protected/controllers/EventController.php (263)
in /Users/lionel/Sites/homekeeper/index.php (13)
2012/05/03 11:16:06 [error] [php] DOMDocument::loadXML() [<a href='domdocument.loadxml'>domdocument.loadxml</a>]: Start tag expected, '&lt;' not found in Entity, line: 1 (/Users/lionel/Sites/homekeeper/protected/controllers/EventController.php:271)
Stack trace:
#0 /Users/lionel/Sites/yii/framework/web/actions/CAction.php(107): ReflectionMethod->invokeArgs()
#1 /Users/lionel/Sites/yii/framework/web/actions/CInlineAction.php(48): CInlineAction->runWithParamsInternal()
#2 /Users/lionel/Sites/yii/framework/web/CController.php(309): CInlineAction->runWithParams()
#3 /Users/lionel/Sites/yii/framework/web/filters/CFilterChain.php(134): EventController->runAction()
#4 /Users/lionel/Sites/yii/framework/web/filters/CFilter.php(41): CFilterChain->run()
#5 /Users/lionel/Sites/yii/framework/web/CController.php(1146): CAccessControlFilter->filter()
#6 /Users/lionel/Sites/yii/framework/web/filters/CInlineFilter.php(59): EventController->filterAccessControl()
#7 /Users/lionel/Sites/yii/framework/web/filters/CFilterChain.php(131): CInlineFilter->filter()
#8 /Users/lionel/Sites/yii/framework/web/CController.php(292): CFilterChain->run()
#9 /Users/lionel/Sites/yii/framework/web/CController.php(266): EventController->runActionWithFilters()
#10 /Users/lionel/Sites/yii/framework/web/CWebApplication.php(276): EventController->run()
#11 /Users/lionel/Sites/yii/framework/web/CWebApplication.php(135): CWebApplication->runController()
#12 /Users/lionel/Sites/yii/framework/base/CApplication.php(162): CWebApplication->processRequest()
#13 /Users/lionel/Sites/homekeeper/index.php(13): CWebApplication->run()
REQUEST_URI=/homekeeper/index.php/event/createWithXml
in /Users/lionel/Sites/homekeeper/protected/controllers/EventController.php (271)
in /Users/lionel/Sites/homekeeper/index.php (13)
2012/05/03 11:19:09 [info] [application] request=%3C%3Fxml+version%3D%221.0%22+encoding%3D%22utf-8%22%3F%3E%0A%3Chkp_request+home_id%3D%22357194042993196%22%3E%3Cinfo+type%3D%22intrusion%22+value%3D%22presence_detector%22+gravity%3D%22severe%22+comment%3D%22Intrusion%2C+detector+no+2+%28back+door%29%22+datetime%3D%222012-05-03T11%3A19%3A08Z%22+%2F%3E%3C%2Fhkp_request%3E
in /Users/lionel/Sites/homekeeper/protected/controllers/EventController.php (263)
in /Users/lionel/Sites/homekeeper/index.php (13)
2012/05/03 11:19:09 [error] [php] DOMDocument::loadXML() [<a href='domdocument.loadxml'>domdocument.loadxml</a>]: Start tag expected, '&lt;' not found in Entity, line: 1 (/Users/lionel/Sites/homekeeper/protected/controllers/EventController.php:271)
Stack trace:
#0 /Users/lionel/Sites/yii/framework/web/actions/CAction.php(107): ReflectionMethod->invokeArgs()
#1 /Users/lionel/Sites/yii/framework/web/actions/CInlineAction.php(48): CInlineAction->runWithParamsInternal()
#2 /Users/lionel/Sites/yii/framework/web/CController.php(309): CInlineAction->runWithParams()
#3 /Users/lionel/Sites/yii/framework/web/filters/CFilterChain.php(134): EventController->runAction()
#4 /Users/lionel/Sites/yii/framework/web/filters/CFilter.php(41): CFilterChain->run()
#5 /Users/lionel/Sites/yii/framework/web/CController.php(1146): CAccessControlFilter->filter()
#6 /Users/lionel/Sites/yii/framework/web/filters/CInlineFilter.php(59): EventController->filterAccessControl()
#7 /Users/lionel/Sites/yii/framework/web/filters/CFilterChain.php(131): CInlineFilter->filter()
#8 /Users/lionel/Sites/yii/framework/web/CController.php(292): CFilterChain->run()
#9 /Users/lionel/Sites/yii/framework/web/CController.php(266): EventController->runActionWithFilters()
#10 /Users/lionel/Sites/yii/framework/web/CWebApplication.php(276): EventController->run()
#11 /Users/lionel/Sites/yii/framework/web/CWebApplication.php(135): CWebApplication->runController()
#12 /Users/lionel/Sites/yii/framework/base/CApplication.php(162): CWebApplication->processRequest()
#13 /Users/lionel/Sites/homekeeper/index.php(13): CWebApplication->run()
REQUEST_URI=/homekeeper/index.php/event/createWithXml
in /Users/lionel/Sites/homekeeper/protected/controllers/EventController.php (271)
in /Users/lionel/Sites/homekeeper/index.php (13)
2012/05/03 11:21:02 [info] [application] request=%3C%3Fxml+version%3D%221.0%22+encoding%3D%22utf-8%22%3F%3E%0A%3Chkp_request+home_id%3D%22357194042993196%22%3E%3Cinfo+type%3D%22intrusion%22+value%3D%22presence_detector%22+gravity%3D%22severe%22+comment%3D%22Intrusion%2C+detector+no+2+%28back+door%29%22+datetime%3D%222012-05-03T11%3A21%3A01Z%22+%2F%3E%3C%2Fhkp_request%3E
in /Users/lionel/Sites/homekeeper/protected/controllers/EventController.php (263)
in /Users/lionel/Sites/homekeeper/index.php (13)
2012/05/03 11:21:02 [error] [php] DOMDocument::loadXML() [<a href='domdocument.loadxml'>domdocument.loadxml</a>]: Start tag expected, '&lt;' not found in Entity, line: 1 (/Users/lionel/Sites/homekeeper/protected/controllers/EventController.php:271)
Stack trace:
#0 /Users/lionel/Sites/yii/framework/web/actions/CAction.php(107): ReflectionMethod->invokeArgs()
#1 /Users/lionel/Sites/yii/framework/web/actions/CInlineAction.php(48): CInlineAction->runWithParamsInternal()
#2 /Users/lionel/Sites/yii/framework/web/CController.php(309): CInlineAction->runWithParams()
#3 /Users/lionel/Sites/yii/framework/web/filters/CFilterChain.php(134): EventController->runAction()
#4 /Users/lionel/Sites/yii/framework/web/filters/CFilter.php(41): CFilterChain->run()
#5 /Users/lionel/Sites/yii/framework/web/CController.php(1146): CAccessControlFilter->filter()
#6 /Users/lionel/Sites/yii/framework/web/filters/CInlineFilter.php(59): EventController->filterAccessControl()
#7 /Users/lionel/Sites/yii/framework/web/filters/CFilterChain.php(131): CInlineFilter->filter()
#8 /Users/lionel/Sites/yii/framework/web/CController.php(292): CFilterChain->run()
#9 /Users/lionel/Sites/yii/framework/web/CController.php(266): EventController->runActionWithFilters()
#10 /Users/lionel/Sites/yii/framework/web/CWebApplication.php(276): EventController->run()
#11 /Users/lionel/Sites/yii/framework/web/CWebApplication.php(135): CWebApplication->runController()
#12 /Users/lionel/Sites/yii/framework/base/CApplication.php(162): CWebApplication->processRequest()
#13 /Users/lionel/Sites/homekeeper/index.php(13): CWebApplication->run()
REQUEST_URI=/homekeeper/index.php/event/createWithXml
in /Users/lionel/Sites/homekeeper/protected/controllers/EventController.php (271)
in /Users/lionel/Sites/homekeeper/index.php (13)
2012/05/03 11:21:12 [info] [application] request=%3C%3Fxml+version%3D%221.0%22+encoding%3D%22utf-8%22%3F%3E%0A%3Chkp_request+home_id%3D%22357194042993196%22%3E%3Cinfo+type%3D%22power%22+value%3D%22failure%22+gravity%3D%22critical%22+comment%3D%22Main+power+failure+%28grid+220V%29%22+datetime%3D%222012-05-03T11%3A21%3A11Z%22+%2F%3E%3C%2Fhkp_request%3E
in /Users/lionel/Sites/homekeeper/protected/controllers/EventController.php (263)
in /Users/lionel/Sites/homekeeper/index.php (13)
2012/05/03 11:21:12 [error] [php] DOMDocument::loadXML() [<a href='domdocument.loadxml'>domdocument.loadxml</a>]: Start tag expected, '&lt;' not found in Entity, line: 1 (/Users/lionel/Sites/homekeeper/protected/controllers/EventController.php:271)
Stack trace:
#0 /Users/lionel/Sites/yii/framework/web/actions/CAction.php(107): ReflectionMethod->invokeArgs()
#1 /Users/lionel/Sites/yii/framework/web/actions/CInlineAction.php(48): CInlineAction->runWithParamsInternal()
#2 /Users/lionel/Sites/yii/framework/web/CController.php(309): CInlineAction->runWithParams()
#3 /Users/lionel/Sites/yii/framework/web/filters/CFilterChain.php(134): EventController->runAction()
#4 /Users/lionel/Sites/yii/framework/web/filters/CFilter.php(41): CFilterChain->run()
#5 /Users/lionel/Sites/yii/framework/web/CController.php(1146): CAccessControlFilter->filter()
#6 /Users/lionel/Sites/yii/framework/web/filters/CInlineFilter.php(59): EventController->filterAccessControl()
#7 /Users/lionel/Sites/yii/framework/web/filters/CFilterChain.php(131): CInlineFilter->filter()
#8 /Users/lionel/Sites/yii/framework/web/CController.php(292): CFilterChain->run()
#9 /Users/lionel/Sites/yii/framework/web/CController.php(266): EventController->runActionWithFilters()
#10 /Users/lionel/Sites/yii/framework/web/CWebApplication.php(276): EventController->run()
#11 /Users/lionel/Sites/yii/framework/web/CWebApplication.php(135): CWebApplication->runController()
#12 /Users/lionel/Sites/yii/framework/base/CApplication.php(162): CWebApplication->processRequest()
#13 /Users/lionel/Sites/homekeeper/index.php(13): CWebApplication->run()
REQUEST_URI=/homekeeper/index.php/event/createWithXml
in /Users/lionel/Sites/homekeeper/protected/controllers/EventController.php (271)
in /Users/lionel/Sites/homekeeper/index.php (13)
2012/05/03 11:30:13 [info] [application] request=%3C%3Fxml+version%3D%221.0%22+encoding%3D%22utf-8%22%3F%3E%0A%3Chkp_request+home_id%3D%22357194042993196%22%3E%3Cinfo+type%3D%22network%22+value%3D%22wifi%22+gravity%3D%22medium%22+comment%3D%22Local+WiFi+network+failure+%28GSM+connection%29%22+datetime%3D%222012-05-03T11%3A30%3A12Z%22+%2F%3E%3C%2Fhkp_request%3E
in /Users/lionel/Sites/homekeeper/protected/controllers/EventController.php (265)
in /Users/lionel/Sites/homekeeper/index.php (13)
2012/05/03 11:32:41 [info] [application] request=%3C%3Fxml+version%3D%221.0%22+encoding%3D%22utf-8%22%3F%3E%0A%3Chkp_request+home_id%3D%22356440045890058%22%3E%3Cinfo+type%3D%22network%22+value%3D%22wifi%22+gravity%3D%22medium%22+comment%3D%22Local+WiFi+network+failure+%28GSM+connection%29%22+datetime%3D%222012-05-03T11%3A32%3A41Z%22+%2F%3E%3C%2Fhkp_request%3E
in /Users/lionel/Sites/homekeeper/protected/controllers/EventController.php (265)
in /Users/lionel/Sites/homekeeper/index.php (13)
2012/05/03 11:33:10 [info] [application] request=%3C%3Fxml+version%3D%221.0%22+encoding%3D%22utf-8%22%3F%3E%0A%3Chkp_request+home_id%3D%22356440045890058%22%3E%3Cinfo+type%3D%22intrusion%22+value%3D%22presence_detector%22+gravity%3D%22severe%22+comment%3D%22Intrusion%2C+detector+no+2+%28back+door%29%22+datetime%3D%222012-05-03T11%3A33%3A09Z%22+%2F%3E%3C%2Fhkp_request%3E
in /Users/lionel/Sites/homekeeper/protected/controllers/EventController.php (265)
in /Users/lionel/Sites/homekeeper/index.php (13)
2012/05/03 11:33:11 [info] [application] request=%3C%3Fxml+version%3D%221.0%22+encoding%3D%22utf-8%22%3F%3E%0A%3Chkp_request+home_id%3D%22356440045890058%22%3E%3Cinfo+type%3D%22intrusion%22+value%3D%22presence_detector%22+gravity%3D%22severe%22+comment%3D%22Intrusion%2C+detector+no+2+%28back+door%29%22+datetime%3D%222012-05-03T11%3A33%3A10Z%22+%2F%3E%3C%2Fhkp_request%3E
in /Users/lionel/Sites/homekeeper/protected/controllers/EventController.php (265)
in /Users/lionel/Sites/homekeeper/index.php (13)
2012/05/03 11:33:12 [info] [application] request=%3C%3Fxml+version%3D%221.0%22+encoding%3D%22utf-8%22%3F%3E%0A%3Chkp_request+home_id%3D%22356440045890058%22%3E%3Cinfo+type%3D%22intrusion%22+value%3D%22presence_detector%22+gravity%3D%22severe%22+comment%3D%22Intrusion%2C+detector+no+2+%28back+door%29%22+datetime%3D%222012-05-03T11%3A33%3A11Z%22+%2F%3E%3C%2Fhkp_request%3E
in /Users/lionel/Sites/homekeeper/protected/controllers/EventController.php (265)
in /Users/lionel/Sites/homekeeper/index.php (13)
2012/05/03 11:33:13 [info] [application] request=%3C%3Fxml+version%3D%221.0%22+encoding%3D%22utf-8%22%3F%3E%0A%3Chkp_request+home_id%3D%22356440045890058%22%3E%3Cinfo+type%3D%22intrusion%22+value%3D%22presence_detector%22+gravity%3D%22severe%22+comment%3D%22Intrusion%2C+detector+no+2+%28back+door%29%22+datetime%3D%222012-05-03T11%3A33%3A12Z%22+%2F%3E%3C%2Fhkp_request%3E
in /Users/lionel/Sites/homekeeper/protected/controllers/EventController.php (265)
in /Users/lionel/Sites/homekeeper/index.php (13)
2012/05/03 11:33:15 [info] [application] request=%3C%3Fxml+version%3D%221.0%22+encoding%3D%22utf-8%22%3F%3E%0A%3Chkp_request+home_id%3D%22356440045890058%22%3E%3Cinfo+type%3D%22intrusion%22+value%3D%22presence_detector%22+gravity%3D%22severe%22+comment%3D%22Intrusion%2C+detector+no+2+%28back+door%29%22+datetime%3D%222012-05-03T11%3A33%3A11Z%22+%2F%3E%3C%2Fhkp_request%3E
in /Users/lionel/Sites/homekeeper/protected/controllers/EventController.php (265)
in /Users/lionel/Sites/homekeeper/index.php (13)
2012/05/03 11:33:36 [info] [application] request=%3C%3Fxml+version%3D%221.0%22+encoding%3D%22utf-8%22%3F%3E%0A%3Chkp_request+home_id%3D%22356440045890058%22%3E%3Cinfo+type%3D%22network%22+value%3D%22wifi%22+gravity%3D%22medium%22+comment%3D%22Local+WiFi+network+failure+%28GSM+connection%29%22+datetime%3D%222012-05-03T11%3A33%3A35Z%22+%2F%3E%3C%2Fhkp_request%3E
in /Users/lionel/Sites/homekeeper/protected/controllers/EventController.php (265)
in /Users/lionel/Sites/homekeeper/index.php (13)
2012/05/03 11:33:39 [info] [application] request=%3C%3Fxml+version%3D%221.0%22+encoding%3D%22utf-8%22%3F%3E%0A%3Chkp_request+home_id%3D%22356440045890058%22%3E%3Cinfo+type%3D%22network%22+value%3D%22wifi%22+gravity%3D%22medium%22+comment%3D%22Local+WiFi+network+failure+%28GSM+connection%29%22+datetime%3D%222012-05-03T11%3A33%3A38Z%22+%2F%3E%3C%2Fhkp_request%3E
in /Users/lionel/Sites/homekeeper/protected/controllers/EventController.php (265)
in /Users/lionel/Sites/homekeeper/index.php (13)
2012/05/03 11:37:43 [info] [application] request=<?xml+version="1.0"+encoding="utf-8"?>
<hkp_request+home_id="356440045890058"><info+type="power"+value="failure"+gravity="critical"+comment="Main+power+failure+(grid+220V)"+datetime="2012-05-03T11:37:42Z"+/></hkp_request>
in /Users/lionel/Sites/homekeeper/protected/controllers/EventController.php (265)
in /Users/lionel/Sites/homekeeper/index.php (13)
2012/05/03 11:38:26 [info] [application] request=<?xml+version="1.0"+encoding="utf-8"?>
<hkp_request+home_id="356440045890058"><info+type="power"+value="failure"+gravity="critical"+comment="Main+power+failure+(grid+220V)"+datetime="2012-05-03T11:38:25Z"+/></hkp_request>
in /Users/lionel/Sites/homekeeper/protected/controllers/EventController.php (265)
in /Users/lionel/Sites/homekeeper/index.php (13)
2012/05/03 11:38:26 [error] [php] DOMDocument::loadXML() [<a href='domdocument.loadxml'>domdocument.loadxml</a>]: Start tag expected, '&lt;' not found in Entity, line: 1 (/Users/lionel/Sites/homekeeper/protected/controllers/EventController.php:270)
Stack trace:
#0 /Users/lionel/Sites/yii/framework/web/actions/CAction.php(107): ReflectionMethod->invokeArgs()
#1 /Users/lionel/Sites/yii/framework/web/actions/CInlineAction.php(48): CInlineAction->runWithParamsInternal()
#2 /Users/lionel/Sites/yii/framework/web/CController.php(309): CInlineAction->runWithParams()
#3 /Users/lionel/Sites/yii/framework/web/filters/CFilterChain.php(134): EventController->runAction()
#4 /Users/lionel/Sites/yii/framework/web/filters/CFilter.php(41): CFilterChain->run()
#5 /Users/lionel/Sites/yii/framework/web/CController.php(1146): CAccessControlFilter->filter()
#6 /Users/lionel/Sites/yii/framework/web/filters/CInlineFilter.php(59): EventController->filterAccessControl()
#7 /Users/lionel/Sites/yii/framework/web/filters/CFilterChain.php(131): CInlineFilter->filter()
#8 /Users/lionel/Sites/yii/framework/web/CController.php(292): CFilterChain->run()
#9 /Users/lionel/Sites/yii/framework/web/CController.php(266): EventController->runActionWithFilters()
#10 /Users/lionel/Sites/yii/framework/web/CWebApplication.php(276): EventController->run()
#11 /Users/lionel/Sites/yii/framework/web/CWebApplication.php(135): CWebApplication->runController()
#12 /Users/lionel/Sites/yii/framework/base/CApplication.php(162): CWebApplication->processRequest()
#13 /Users/lionel/Sites/homekeeper/index.php(13): CWebApplication->run()
REQUEST_URI=/homekeeper/index.php/event/createWithXml
in /Users/lionel/Sites/homekeeper/protected/controllers/EventController.php (270)
in /Users/lionel/Sites/homekeeper/index.php (13)
2012/05/03 11:39:13 [info] [application] request=<?xml+version="1.0"+encoding="utf-8"?>
<hkp_request+home_id="356440045890058"><info+type="intrusion"+value="presence_detector"+gravity="severe"+comment="Intrusion,+detector+no+2+(back+door)"+datetime="2012-05-03T11:39:12Z"+/></hkp_request>
in /Users/lionel/Sites/homekeeper/protected/controllers/EventController.php (265)
in /Users/lionel/Sites/homekeeper/index.php (13)
2012/05/03 11:39:13 [error] [php] DOMDocument::loadXML() [<a href='domdocument.loadxml'>domdocument.loadxml</a>]: Start tag expected, '&lt;' not found in Entity, line: 1 (/Users/lionel/Sites/homekeeper/protected/controllers/EventController.php:270)
Stack trace:
#0 /Users/lionel/Sites/yii/framework/web/actions/CAction.php(107): ReflectionMethod->invokeArgs()
#1 /Users/lionel/Sites/yii/framework/web/actions/CInlineAction.php(48): CInlineAction->runWithParamsInternal()
#2 /Users/lionel/Sites/yii/framework/web/CController.php(309): CInlineAction->runWithParams()
#3 /Users/lionel/Sites/yii/framework/web/filters/CFilterChain.php(134): EventController->runAction()
#4 /Users/lionel/Sites/yii/framework/web/filters/CFilter.php(41): CFilterChain->run()
#5 /Users/lionel/Sites/yii/framework/web/CController.php(1146): CAccessControlFilter->filter()
#6 /Users/lionel/Sites/yii/framework/web/filters/CInlineFilter.php(59): EventController->filterAccessControl()
#7 /Users/lionel/Sites/yii/framework/web/filters/CFilterChain.php(131): CInlineFilter->filter()
#8 /Users/lionel/Sites/yii/framework/web/CController.php(292): CFilterChain->run()
#9 /Users/lionel/Sites/yii/framework/web/CController.php(266): EventController->runActionWithFilters()
#10 /Users/lionel/Sites/yii/framework/web/CWebApplication.php(276): EventController->run()
#11 /Users/lionel/Sites/yii/framework/web/CWebApplication.php(135): CWebApplication->runController()
#12 /Users/lionel/Sites/yii/framework/base/CApplication.php(162): CWebApplication->processRequest()
#13 /Users/lionel/Sites/homekeeper/index.php(13): CWebApplication->run()
REQUEST_URI=/homekeeper/index.php/event/createWithXml
in /Users/lionel/Sites/homekeeper/protected/controllers/EventController.php (270)
in /Users/lionel/Sites/homekeeper/index.php (13)
2012/05/03 11:42:33 [info] [application] 
in /Users/lionel/Sites/homekeeper/protected/controllers/EventController.php (267)
in /Users/lionel/Sites/homekeeper/index.php (13)
2012/05/03 11:42:33 [error] [php] DOMDocument::loadXML() [<a href='domdocument.loadxml'>domdocument.loadxml</a>]: Empty string supplied as input (/Users/lionel/Sites/homekeeper/protected/controllers/EventController.php:272)
Stack trace:
#0 /Users/lionel/Sites/yii/framework/web/actions/CAction.php(107): ReflectionMethod->invokeArgs()
#1 /Users/lionel/Sites/yii/framework/web/actions/CInlineAction.php(48): CInlineAction->runWithParamsInternal()
#2 /Users/lionel/Sites/yii/framework/web/CController.php(309): CInlineAction->runWithParams()
#3 /Users/lionel/Sites/yii/framework/web/filters/CFilterChain.php(134): EventController->runAction()
#4 /Users/lionel/Sites/yii/framework/web/filters/CFilter.php(41): CFilterChain->run()
#5 /Users/lionel/Sites/yii/framework/web/CController.php(1146): CAccessControlFilter->filter()
#6 /Users/lionel/Sites/yii/framework/web/filters/CInlineFilter.php(59): EventController->filterAccessControl()
#7 /Users/lionel/Sites/yii/framework/web/filters/CFilterChain.php(131): CInlineFilter->filter()
#8 /Users/lionel/Sites/yii/framework/web/CController.php(292): CFilterChain->run()
#9 /Users/lionel/Sites/yii/framework/web/CController.php(266): EventController->runActionWithFilters()
#10 /Users/lionel/Sites/yii/framework/web/CWebApplication.php(276): EventController->run()
#11 /Users/lionel/Sites/yii/framework/web/CWebApplication.php(135): CWebApplication->runController()
#12 /Users/lionel/Sites/yii/framework/base/CApplication.php(162): CWebApplication->processRequest()
#13 /Users/lionel/Sites/homekeeper/index.php(13): CWebApplication->run()
REQUEST_URI=/homekeeper/index.php/event/createWithXml?xml=
in /Users/lionel/Sites/homekeeper/protected/controllers/EventController.php (272)
in /Users/lionel/Sites/homekeeper/index.php (13)
2012/05/03 11:42:36 [info] [application] <?xml version="1.0" encoding="utf-8"?><hkp_request home_id="356440045890058"><info type="intrusion" value="presence_detector" gravity="severe" comment="Intrusion, detector no 2 (back door)" datetime="2012-05-03T11:39:12Z" /></hkp_request>
in /Users/lionel/Sites/homekeeper/protected/controllers/EventController.php (267)
in /Users/lionel/Sites/homekeeper/index.php (13)
2012/05/03 11:43:28 [info] [application] <?xml version="1.0" encoding="utf-8"?><hkp_request home_id="356440045890058"><info type="intrusion" value="presence_detector" gravity="severe" comment="Intrusion, detector no 2 (back door)" datetime="2012-05-03T11:39:12Z" /></hkp_request>
in /Users/lionel/Sites/homekeeper/protected/controllers/EventController.php (267)
in /Users/lionel/Sites/homekeeper/index.php (13)
2012/05/03 11:47:36 [info] [application] <?xml version="1.0" encoding="utf-8"?><hkp_request home_id="356440045890058"><info type="intrusion" value="presence_detector" gravity="severe" comment="Intrusion, detector no 2 (back door)" datetime="2012-05-03T11:39:12Z" /></hkp_request>
in /Users/lionel/Sites/homekeeper/protected/controllers/EventController.php (267)
in /Users/lionel/Sites/homekeeper/index.php (13)
2012/05/03 11:48:05 [error] [system.db.CDbCommand] CDbCommand::execute() failed: SQLSTATE[23000]: Integrity constraint violation: 1062 Duplicate entry '2147483647' for key 'PRIMARY'. The SQL statement executed was: INSERT INTO `home` (`id`, `name`, `description`, `user_id`) VALUES (:yp0, :yp1, :yp2, :yp3).
in /Users/lionel/Sites/homekeeper/protected/controllers/HomeController.php (72)
in /Users/lionel/Sites/homekeeper/index.php (13)
2012/05/03 11:48:05 [error] [exception.CDbException] exception 'CDbException' with message 'CDbCommand failed to execute the SQL statement: SQLSTATE[23000]: Integrity constraint violation: 1062 Duplicate entry '2147483647' for key 'PRIMARY'. The SQL statement executed was: INSERT INTO `home` (`id`, `name`, `description`, `user_id`) VALUES (:yp0, :yp1, :yp2, :yp3)' in /Users/lionel/Sites/yii/framework/db/CDbCommand.php:354
Stack trace:
#0 /Users/lionel/Sites/yii/framework/db/ar/CActiveRecord.php(1014): CDbCommand->execute()
#1 /Users/lionel/Sites/yii/framework/db/ar/CActiveRecord.php(787): CActiveRecord->insert(NULL)
#2 /Users/lionel/Sites/homekeeper/protected/controllers/HomeController.php(72): CActiveRecord->save()
#3 /Users/lionel/Sites/yii/framework/web/actions/CInlineAction.php(50): HomeController->actionCreate()
#4 /Users/lionel/Sites/yii/framework/web/CController.php(309): CInlineAction->runWithParams(Array)
#5 /Users/lionel/Sites/yii/framework/web/filters/CFilterChain.php(134): CController->runAction(Object(CInlineAction))
#6 /Users/lionel/Sites/yii/framework/web/filters/CFilter.php(41): CFilterChain->run()
#7 /Users/lionel/Sites/yii/framework/web/CController.php(1146): CFilter->filter(Object(CFilterChain))
#8 /Users/lionel/Sites/yii/framework/web/filters/CInlineFilter.php(59): CController->filterAccessControl(Object(CFilterChain))
#9 /Users/lionel/Sites/yii/framework/web/filters/CFilterChain.php(131): CInlineFilter->filter(Object(CFilterChain))
#10 /Users/lionel/Sites/yii/framework/web/CController.php(292): CFilterChain->run()
#11 /Users/lionel/Sites/yii/framework/web/CController.php(266): CController->runActionWithFilters(Object(CInlineAction), Array)
#12 /Users/lionel/Sites/yii/framework/web/CWebApplication.php(276): CController->run('create')
#13 /Users/lionel/Sites/yii/framework/web/CWebApplication.php(135): CWebApplication->runController('home/create')
#14 /Users/lionel/Sites/yii/framework/base/CApplication.php(162): CWebApplication->processRequest()
#15 /Users/lionel/Sites/homekeeper/index.php(13): CApplication->run()
#16 {main}
REQUEST_URI=/homekeeper/index.php/home/create
HTTP_REFERER=http://localhost:8888/homekeeper/index.php/home/create
---
2012/05/03 13:29:51 [info] [application] request=<?xml+version="1.0"+encoding="utf-8"?>
<hkp_request+home_id="356440045890058"><info+type="power"+value="failure"+gravity="critical"+comment="Main+power+failure+(grid+220V)"+datetime="2012-05-03T13:29:49Z"+/></hkp_request>
in /Users/lionel/Sites/homekeeper/protected/controllers/EventController.php (267)
in /Users/lionel/Sites/homekeeper/index.php (13)
2012/05/03 13:29:51 [error] [php] DOMDocument::loadXML() [<a href='domdocument.loadxml'>domdocument.loadxml</a>]: Start tag expected, '&lt;' not found in Entity, line: 1 (/Users/lionel/Sites/homekeeper/protected/controllers/EventController.php:272)
Stack trace:
#0 /Users/lionel/Sites/yii/framework/web/actions/CAction.php(107): ReflectionMethod->invokeArgs()
#1 /Users/lionel/Sites/yii/framework/web/actions/CInlineAction.php(48): CInlineAction->runWithParamsInternal()
#2 /Users/lionel/Sites/yii/framework/web/CController.php(309): CInlineAction->runWithParams()
#3 /Users/lionel/Sites/yii/framework/web/filters/CFilterChain.php(134): EventController->runAction()
#4 /Users/lionel/Sites/yii/framework/web/filters/CFilter.php(41): CFilterChain->run()
#5 /Users/lionel/Sites/yii/framework/web/CController.php(1146): CAccessControlFilter->filter()
#6 /Users/lionel/Sites/yii/framework/web/filters/CInlineFilter.php(59): EventController->filterAccessControl()
#7 /Users/lionel/Sites/yii/framework/web/filters/CFilterChain.php(131): CInlineFilter->filter()
#8 /Users/lionel/Sites/yii/framework/web/CController.php(292): CFilterChain->run()
#9 /Users/lionel/Sites/yii/framework/web/CController.php(266): EventController->runActionWithFilters()
#10 /Users/lionel/Sites/yii/framework/web/CWebApplication.php(276): EventController->run()
#11 /Users/lionel/Sites/yii/framework/web/CWebApplication.php(135): CWebApplication->runController()
#12 /Users/lionel/Sites/yii/framework/base/CApplication.php(162): CWebApplication->processRequest()
#13 /Users/lionel/Sites/homekeeper/index.php(13): CWebApplication->run()
REQUEST_URI=/homekeeper/index.php/event/createWithXml
in /Users/lionel/Sites/homekeeper/protected/controllers/EventController.php (272)
in /Users/lionel/Sites/homekeeper/index.php (13)
2012/05/03 13:31:45 [info] [application] request=<?xml version="1.0" encoding="utf-8"?>
<hkp_request home_id="356440045890058"><info type="power" value="failure" gravity="critical" comment="Main power failure (grid 220V)" datetime="2012-05-03T13:31:43Z" /></hkp_request>
in /Users/lionel/Sites/homekeeper/protected/controllers/EventController.php (268)
in /Users/lionel/Sites/homekeeper/index.php (13)
2012/05/03 13:31:45 [error] [php] DOMDocument::loadXML() [<a href='domdocument.loadxml'>domdocument.loadxml</a>]: Start tag expected, '&lt;' not found in Entity, line: 1 (/Users/lionel/Sites/homekeeper/protected/controllers/EventController.php:273)
Stack trace:
#0 /Users/lionel/Sites/yii/framework/web/actions/CAction.php(107): ReflectionMethod->invokeArgs()
#1 /Users/lionel/Sites/yii/framework/web/actions/CInlineAction.php(48): CInlineAction->runWithParamsInternal()
#2 /Users/lionel/Sites/yii/framework/web/CController.php(309): CInlineAction->runWithParams()
#3 /Users/lionel/Sites/yii/framework/web/filters/CFilterChain.php(134): EventController->runAction()
#4 /Users/lionel/Sites/yii/framework/web/filters/CFilter.php(41): CFilterChain->run()
#5 /Users/lionel/Sites/yii/framework/web/CController.php(1146): CAccessControlFilter->filter()
#6 /Users/lionel/Sites/yii/framework/web/filters/CInlineFilter.php(59): EventController->filterAccessControl()
#7 /Users/lionel/Sites/yii/framework/web/filters/CFilterChain.php(131): CInlineFilter->filter()
#8 /Users/lionel/Sites/yii/framework/web/CController.php(292): CFilterChain->run()
#9 /Users/lionel/Sites/yii/framework/web/CController.php(266): EventController->runActionWithFilters()
#10 /Users/lionel/Sites/yii/framework/web/CWebApplication.php(276): EventController->run()
#11 /Users/lionel/Sites/yii/framework/web/CWebApplication.php(135): CWebApplication->runController()
#12 /Users/lionel/Sites/yii/framework/base/CApplication.php(162): CWebApplication->processRequest()
#13 /Users/lionel/Sites/homekeeper/index.php(13): CWebApplication->run()
REQUEST_URI=/homekeeper/index.php/event/createWithXml
in /Users/lionel/Sites/homekeeper/protected/controllers/EventController.php (273)
in /Users/lionel/Sites/homekeeper/index.php (13)
2012/05/03 13:32:45 [info] [application] <hkp_request home_id="356440045890058"><info type="power" value="failure" gravity="critical" comment="Main power failure (grid 220V)" datetime="2012-05-03T13:31:43Z" /></hkp_request>
in /Users/lionel/Sites/homekeeper/protected/controllers/EventController.php (268)
in /Users/lionel/Sites/homekeeper/index.php (13)
2012/05/03 13:33:24 [info] [application] <?xml version="1.0" encoding="utf-8"?><hkp_request home_id="356440045890058"><info type="power" value="failure" gravity="critical" comment="Main power failure (grid 220V)" datetime="2012-05-03T13:31:43Z" /></hkp_request>
in /Users/lionel/Sites/homekeeper/protected/controllers/EventController.php (268)
in /Users/lionel/Sites/homekeeper/index.php (13)
2012/05/03 13:35:07 [info] [application] <?xml version="1.0" encoding="utf-8"?>\n<hkp_request home_id="356440045890058"><info type="power" value="failure" gravity="critical" comment="Main power failure (grid 220V)" datetime="2012-05-03T13:31:43Z" /></hkp_request>
in /Users/lionel/Sites/homekeeper/protected/controllers/EventController.php (268)
in /Users/lionel/Sites/homekeeper/index.php (13)
2012/05/03 13:35:07 [error] [php] DOMDocument::loadXML() [<a href='domdocument.loadxml'>domdocument.loadxml</a>]: Start tag expected, '&lt;' not found in Entity, line: 1 (/Users/lionel/Sites/homekeeper/protected/controllers/EventController.php:273)
Stack trace:
#0 /Users/lionel/Sites/yii/framework/web/actions/CAction.php(107): ReflectionMethod->invokeArgs()
#1 /Users/lionel/Sites/yii/framework/web/actions/CInlineAction.php(48): CInlineAction->runWithParamsInternal()
#2 /Users/lionel/Sites/yii/framework/web/CController.php(309): CInlineAction->runWithParams()
#3 /Users/lionel/Sites/yii/framework/web/filters/CFilterChain.php(134): EventController->runAction()
#4 /Users/lionel/Sites/yii/framework/web/filters/CFilter.php(41): CFilterChain->run()
#5 /Users/lionel/Sites/yii/framework/web/CController.php(1146): CAccessControlFilter->filter()
#6 /Users/lionel/Sites/yii/framework/web/filters/CInlineFilter.php(59): EventController->filterAccessControl()
#7 /Users/lionel/Sites/yii/framework/web/filters/CFilterChain.php(131): CInlineFilter->filter()
#8 /Users/lionel/Sites/yii/framework/web/CController.php(292): CFilterChain->run()
#9 /Users/lionel/Sites/yii/framework/web/CController.php(266): EventController->runActionWithFilters()
#10 /Users/lionel/Sites/yii/framework/web/CWebApplication.php(276): EventController->run()
#11 /Users/lionel/Sites/yii/framework/web/CWebApplication.php(135): CWebApplication->runController()
#12 /Users/lionel/Sites/yii/framework/base/CApplication.php(162): CWebApplication->processRequest()
#13 /Users/lionel/Sites/homekeeper/index.php(13): CWebApplication->run()
REQUEST_URI=/homekeeper/index.php/event/createWithXml?xml=%3C?xml%20version=%221.0%22%20encoding=%22utf-8%22?%3E\n%3Chkp_request%20home_id=%22356440045890058%22%3E%3Cinfo%20type=%22power%22%20value=%22failure%22%20gravity=%22critical%22%20comment=%22Main%20power%20failure%20(grid%20220V)%22%20datetime=%222012-05-03T13:31:43Z%22%20/%3E%3C/hkp_request%3E
in /Users/lionel/Sites/homekeeper/protected/controllers/EventController.php (273)
in /Users/lionel/Sites/homekeeper/index.php (13)
2012/05/03 13:39:05 [info] [application] request=<?xml version="1.0" encoding="utf-8"?>
<hkp_request home_id="356440045890058"><info type="network" value="wifi" gravity="medium" comment="Local WiFi network failure (GSM connection)" datetime="2012-05-03T13:39:04Z" /></hkp_request>
in /Users/lionel/Sites/homekeeper/protected/controllers/EventController.php (268)
in /Users/lionel/Sites/homekeeper/index.php (13)
2012/05/03 13:39:05 [error] [php] DOMDocument::loadXML() [<a href='domdocument.loadxml'>domdocument.loadxml</a>]: Start tag expected, '&lt;' not found in Entity, line: 1 (/Users/lionel/Sites/homekeeper/protected/controllers/EventController.php:273)
Stack trace:
#0 /Users/lionel/Sites/yii/framework/web/actions/CAction.php(107): ReflectionMethod->invokeArgs()
#1 /Users/lionel/Sites/yii/framework/web/actions/CInlineAction.php(48): CInlineAction->runWithParamsInternal()
#2 /Users/lionel/Sites/yii/framework/web/CController.php(309): CInlineAction->runWithParams()
#3 /Users/lionel/Sites/yii/framework/web/filters/CFilterChain.php(134): EventController->runAction()
#4 /Users/lionel/Sites/yii/framework/web/filters/CFilter.php(41): CFilterChain->run()
#5 /Users/lionel/Sites/yii/framework/web/CController.php(1146): CAccessControlFilter->filter()
#6 /Users/lionel/Sites/yii/framework/web/filters/CInlineFilter.php(59): EventController->filterAccessControl()
#7 /Users/lionel/Sites/yii/framework/web/filters/CFilterChain.php(131): CInlineFilter->filter()
#8 /Users/lionel/Sites/yii/framework/web/CController.php(292): CFilterChain->run()
#9 /Users/lionel/Sites/yii/framework/web/CController.php(266): EventController->runActionWithFilters()
#10 /Users/lionel/Sites/yii/framework/web/CWebApplication.php(276): EventController->run()
#11 /Users/lionel/Sites/yii/framework/web/CWebApplication.php(135): CWebApplication->runController()
#12 /Users/lionel/Sites/yii/framework/base/CApplication.php(162): CWebApplication->processRequest()
#13 /Users/lionel/Sites/homekeeper/index.php(13): CWebApplication->run()
REQUEST_URI=/homekeeper/index.php/event/createWithXml
in /Users/lionel/Sites/homekeeper/protected/controllers/EventController.php (273)
in /Users/lionel/Sites/homekeeper/index.php (13)
2012/05/03 13:46:09 [info] [application] <?xml version="1.0" encoding="utf-8"?>
<hkp_request home_id="356440045890058"><info type="power" value="failure" gravity="critical" comment="Main power failure (grid 220V)" datetime="2012-05-03T13:46:07Z" /></hkp_request>
in /Users/lionel/Sites/homekeeper/protected/controllers/EventController.php (269)
in /Users/lionel/Sites/homekeeper/index.php (13)
2012/05/03 13:51:30 [error] [php] Trying to get property of non-object (/Users/lionel/Sites/homekeeper/protected/controllers/HomeController.php:135)
Stack trace:
#0 /Users/lionel/Sites/yii/framework/web/filters/CFilterChain.php(134): HomeController->runAction()
#1 /Users/lionel/Sites/yii/framework/web/filters/CFilter.php(41): CFilterChain->run()
#2 /Users/lionel/Sites/yii/framework/web/CController.php(1146): CAccessControlFilter->filter()
#3 /Users/lionel/Sites/yii/framework/web/filters/CInlineFilter.php(59): HomeController->filterAccessControl()
#4 /Users/lionel/Sites/yii/framework/web/filters/CFilterChain.php(131): CInlineFilter->filter()
#5 /Users/lionel/Sites/yii/framework/web/CController.php(292): CFilterChain->run()
#6 /Users/lionel/Sites/yii/framework/web/CController.php(266): HomeController->runActionWithFilters()
#7 /Users/lionel/Sites/yii/framework/web/CWebApplication.php(276): HomeController->run()
#8 /Users/lionel/Sites/yii/framework/web/CWebApplication.php(135): CWebApplication->runController()
#9 /Users/lionel/Sites/yii/framework/base/CApplication.php(162): CWebApplication->processRequest()
#10 /Users/lionel/Sites/homekeeper/index.php(13): CWebApplication->run()
REQUEST_URI=/homekeeper/index.php/home
in /Users/lionel/Sites/homekeeper/protected/controllers/HomeController.php (135)
in /Users/lionel/Sites/homekeeper/index.php (13)
2012/05/03 13:51:33 [error] [php] Trying to get property of non-object (/Users/lionel/Sites/homekeeper/protected/controllers/HomeController.php:135)
Stack trace:
#0 /Users/lionel/Sites/yii/framework/web/filters/CFilterChain.php(134): HomeController->runAction()
#1 /Users/lionel/Sites/yii/framework/web/filters/CFilter.php(41): CFilterChain->run()
#2 /Users/lionel/Sites/yii/framework/web/CController.php(1146): CAccessControlFilter->filter()
#3 /Users/lionel/Sites/yii/framework/web/filters/CInlineFilter.php(59): HomeController->filterAccessControl()
#4 /Users/lionel/Sites/yii/framework/web/filters/CFilterChain.php(131): CInlineFilter->filter()
#5 /Users/lionel/Sites/yii/framework/web/CController.php(292): CFilterChain->run()
#6 /Users/lionel/Sites/yii/framework/web/CController.php(266): HomeController->runActionWithFilters()
#7 /Users/lionel/Sites/yii/framework/web/CWebApplication.php(276): HomeController->run()
#8 /Users/lionel/Sites/yii/framework/web/CWebApplication.php(135): CWebApplication->runController()
#9 /Users/lionel/Sites/yii/framework/base/CApplication.php(162): CWebApplication->processRequest()
#10 /Users/lionel/Sites/homekeeper/index.php(13): CWebApplication->run()
REQUEST_URI=/homekeeper/index.php/home
in /Users/lionel/Sites/homekeeper/protected/controllers/HomeController.php (135)
in /Users/lionel/Sites/homekeeper/index.php (13)
2012/05/03 13:51:36 [error] [php] Trying to get property of non-object (/Users/lionel/Sites/homekeeper/protected/controllers/HomeController.php:135)
Stack trace:
#0 /Users/lionel/Sites/yii/framework/web/filters/CFilterChain.php(134): HomeController->runAction()
#1 /Users/lionel/Sites/yii/framework/web/filters/CFilter.php(41): CFilterChain->run()
#2 /Users/lionel/Sites/yii/framework/web/CController.php(1146): CAccessControlFilter->filter()
#3 /Users/lionel/Sites/yii/framework/web/filters/CInlineFilter.php(59): HomeController->filterAccessControl()
#4 /Users/lionel/Sites/yii/framework/web/filters/CFilterChain.php(131): CInlineFilter->filter()
#5 /Users/lionel/Sites/yii/framework/web/CController.php(292): CFilterChain->run()
#6 /Users/lionel/Sites/yii/framework/web/CController.php(266): HomeController->runActionWithFilters()
#7 /Users/lionel/Sites/yii/framework/web/CWebApplication.php(276): HomeController->run()
#8 /Users/lionel/Sites/yii/framework/web/CWebApplication.php(135): CWebApplication->runController()
#9 /Users/lionel/Sites/yii/framework/base/CApplication.php(162): CWebApplication->processRequest()
#10 /Users/lionel/Sites/homekeeper/index.php(13): CWebApplication->run()
REQUEST_URI=/homekeeper/index.php/home
in /Users/lionel/Sites/homekeeper/protected/controllers/HomeController.php (135)
in /Users/lionel/Sites/homekeeper/index.php (13)
2012/05/03 13:51:41 [error] [php] Trying to get property of non-object (/Users/lionel/Sites/homekeeper/protected/controllers/HomeController.php:135)
Stack trace:
#0 /Users/lionel/Sites/yii/framework/web/filters/CFilterChain.php(134): HomeController->runAction()
#1 /Users/lionel/Sites/yii/framework/web/filters/CFilter.php(41): CFilterChain->run()
#2 /Users/lionel/Sites/yii/framework/web/CController.php(1146): CAccessControlFilter->filter()
#3 /Users/lionel/Sites/yii/framework/web/filters/CInlineFilter.php(59): HomeController->filterAccessControl()
#4 /Users/lionel/Sites/yii/framework/web/filters/CFilterChain.php(131): CInlineFilter->filter()
#5 /Users/lionel/Sites/yii/framework/web/CController.php(292): CFilterChain->run()
#6 /Users/lionel/Sites/yii/framework/web/CController.php(266): HomeController->runActionWithFilters()
#7 /Users/lionel/Sites/yii/framework/web/CWebApplication.php(276): HomeController->run()
#8 /Users/lionel/Sites/yii/framework/web/CWebApplication.php(135): CWebApplication->runController()
#9 /Users/lionel/Sites/yii/framework/base/CApplication.php(162): CWebApplication->processRequest()
#10 /Users/lionel/Sites/homekeeper/index.php(13): CWebApplication->run()
REQUEST_URI=/homekeeper/index.php/home
in /Users/lionel/Sites/homekeeper/protected/controllers/HomeController.php (135)
in /Users/lionel/Sites/homekeeper/index.php (13)
2012/05/03 13:52:45 [error] [php] Trying to get property of non-object (/Users/lionel/Sites/homekeeper/protected/controllers/HomeController.php:135)
Stack trace:
#0 /Users/lionel/Sites/yii/framework/web/filters/CFilterChain.php(134): HomeController->runAction()
#1 /Users/lionel/Sites/yii/framework/web/filters/CFilter.php(41): CFilterChain->run()
#2 /Users/lionel/Sites/yii/framework/web/CController.php(1146): CAccessControlFilter->filter()
#3 /Users/lionel/Sites/yii/framework/web/filters/CInlineFilter.php(59): HomeController->filterAccessControl()
#4 /Users/lionel/Sites/yii/framework/web/filters/CFilterChain.php(131): CInlineFilter->filter()
#5 /Users/lionel/Sites/yii/framework/web/CController.php(292): CFilterChain->run()
#6 /Users/lionel/Sites/yii/framework/web/CController.php(266): HomeController->runActionWithFilters()
#7 /Users/lionel/Sites/yii/framework/web/CWebApplication.php(276): HomeController->run()
#8 /Users/lionel/Sites/yii/framework/web/CWebApplication.php(135): CWebApplication->runController()
#9 /Users/lionel/Sites/yii/framework/base/CApplication.php(162): CWebApplication->processRequest()
#10 /Users/lionel/Sites/homekeeper/index.php(13): CWebApplication->run()
REQUEST_URI=/homekeeper/index.php/home
in /Users/lionel/Sites/homekeeper/protected/controllers/HomeController.php (135)
in /Users/lionel/Sites/homekeeper/index.php (13)
2012/05/03 13:52:48 [error] [php] Trying to get property of non-object (/Users/lionel/Sites/homekeeper/protected/controllers/HomeController.php:135)
Stack trace:
#0 /Users/lionel/Sites/yii/framework/web/filters/CFilterChain.php(134): HomeController->runAction()
#1 /Users/lionel/Sites/yii/framework/web/filters/CFilter.php(41): CFilterChain->run()
#2 /Users/lionel/Sites/yii/framework/web/CController.php(1146): CAccessControlFilter->filter()
#3 /Users/lionel/Sites/yii/framework/web/filters/CInlineFilter.php(59): HomeController->filterAccessControl()
#4 /Users/lionel/Sites/yii/framework/web/filters/CFilterChain.php(131): CInlineFilter->filter()
#5 /Users/lionel/Sites/yii/framework/web/CController.php(292): CFilterChain->run()
#6 /Users/lionel/Sites/yii/framework/web/CController.php(266): HomeController->runActionWithFilters()
#7 /Users/lionel/Sites/yii/framework/web/CWebApplication.php(276): HomeController->run()
#8 /Users/lionel/Sites/yii/framework/web/CWebApplication.php(135): CWebApplication->runController()
#9 /Users/lionel/Sites/yii/framework/base/CApplication.php(162): CWebApplication->processRequest()
#10 /Users/lionel/Sites/homekeeper/index.php(13): CWebApplication->run()
REQUEST_URI=/homekeeper/index.php/home
in /Users/lionel/Sites/homekeeper/protected/controllers/HomeController.php (135)
in /Users/lionel/Sites/homekeeper/index.php (13)
2012/05/03 13:52:56 [error] [php] Trying to get property of non-object (/Users/lionel/Sites/homekeeper/protected/controllers/HomeController.php:135)
Stack trace:
#0 /Users/lionel/Sites/yii/framework/web/filters/CFilterChain.php(134): HomeController->runAction()
#1 /Users/lionel/Sites/yii/framework/web/filters/CFilter.php(41): CFilterChain->run()
#2 /Users/lionel/Sites/yii/framework/web/CController.php(1146): CAccessControlFilter->filter()
#3 /Users/lionel/Sites/yii/framework/web/filters/CInlineFilter.php(59): HomeController->filterAccessControl()
#4 /Users/lionel/Sites/yii/framework/web/filters/CFilterChain.php(131): CInlineFilter->filter()
#5 /Users/lionel/Sites/yii/framework/web/CController.php(292): CFilterChain->run()
#6 /Users/lionel/Sites/yii/framework/web/CController.php(266): HomeController->runActionWithFilters()
#7 /Users/lionel/Sites/yii/framework/web/CWebApplication.php(276): HomeController->run()
#8 /Users/lionel/Sites/yii/framework/web/CWebApplication.php(135): CWebApplication->runController()
#9 /Users/lionel/Sites/yii/framework/base/CApplication.php(162): CWebApplication->processRequest()
#10 /Users/lionel/Sites/homekeeper/index.php(13): CWebApplication->run()
REQUEST_URI=/homekeeper/index.php/home
in /Users/lionel/Sites/homekeeper/protected/controllers/HomeController.php (135)
in /Users/lionel/Sites/homekeeper/index.php (13)
2012/05/03 13:54:50 [info] [application] <?xml version="1.0" encoding="utf-8"?>
<hkp_request home_id="356440045890058"><info type="power" value="failure" gravity="critical" comment="Main power failure (grid 220V)" datetime="2012-05-03T13:54:48Z" /></hkp_request>
in /Users/lionel/Sites/homekeeper/protected/controllers/EventController.php (269)
in /Users/lionel/Sites/homekeeper/index.php (13)
2012/05/03 13:54:55 [info] [application] <?xml version="1.0" encoding="utf-8"?>
<hkp_request home_id="356440045890058"><info type="network" value="wifi" gravity="medium" comment="Local WiFi network failure (GSM connection)" datetime="2012-05-03T13:54:53Z" /></hkp_request>
in /Users/lionel/Sites/homekeeper/protected/controllers/EventController.php (269)
in /Users/lionel/Sites/homekeeper/index.php (13)
2012/05/03 13:55:03 [info] [application] <?xml version="1.0" encoding="utf-8"?>
<hkp_request home_id="356440045890058"><info type="intrusion" value="presence_detector" gravity="severe" comment="Intrusion, detector no 2 (back door)" datetime="2012-05-03T13:55:01Z" /></hkp_request>
in /Users/lionel/Sites/homekeeper/protected/controllers/EventController.php (269)
in /Users/lionel/Sites/homekeeper/index.php (13)
2012/05/03 13:57:26 [info] [application] <?xml version="1.0" encoding="utf-8"?>
<hkp_request home_id="356440045890058"><info type="network" value="wifi" gravity="medium" comment="Local WiFi network failure (GSM connection)" datetime="2012-05-03T13:57:24Z" /></hkp_request>
in /Users/lionel/Sites/homekeeper/protected/controllers/EventController.php (269)
in /Users/lionel/Sites/homekeeper/index.php (13)
2012/05/03 13:57:36 [info] [application] <?xml version="1.0" encoding="utf-8"?>
<hkp_request home_id="356440045890058"><info type="power" value="failure" gravity="critical" comment="Main power failure (grid 220V)" datetime="2012-05-03T13:57:34Z" /></hkp_request>
in /Users/lionel/Sites/homekeeper/protected/controllers/EventController.php (269)
in /Users/lionel/Sites/homekeeper/index.php (13)
2012/05/03 13:57:39 [info] [application] <?xml version="1.0" encoding="utf-8"?>
<hkp_request home_id="356440045890058"><info type="intrusion" value="presence_detector" gravity="severe" comment="Intrusion, detector no 2 (back door)" datetime="2012-05-03T13:57:37Z" /></hkp_request>
in /Users/lionel/Sites/homekeeper/protected/controllers/EventController.php (269)
in /Users/lionel/Sites/homekeeper/index.php (13)
2012/05/03 14:04:19 [info] [application] <?xml version="1.0" encoding="utf-8"?>
<hkp_request home_id="356440045890058"><info type="network" value="wifi" gravity="medium" comment="Local WiFi network failure (GSM connection)" datetime="2012-05-03T14:04:17Z" /></hkp_request>
in /Users/lionel/Sites/homekeeper/protected/controllers/EventController.php (269)
in /Users/lionel/Sites/homekeeper/index.php (13)
2012/05/03 14:04:22 [info] [application] <?xml version="1.0" encoding="utf-8"?>
<hkp_request home_id="356440045890058"><info type="intrusion" value="presence_detector" gravity="severe" comment="Intrusion, detector no 2 (back door)" datetime="2012-05-03T14:04:20Z" /></hkp_request>
in /Users/lionel/Sites/homekeeper/protected/controllers/EventController.php (269)
in /Users/lionel/Sites/homekeeper/index.php (13)
2012/05/03 14:04:32 [info] [application] <?xml version="1.0" encoding="utf-8"?>
<hkp_request home_id="356440045890058"><info type="power" value="failure" gravity="critical" comment="Main power failure (grid 220V)" datetime="2012-05-03T14:04:29Z" /></hkp_request>
in /Users/lionel/Sites/homekeeper/protected/controllers/EventController.php (269)
in /Users/lionel/Sites/homekeeper/index.php (13)
2012/05/03 14:09:55 [info] [application] <?xml version="1.0" encoding="utf-8"?>
<hkp_request home_id="356440045890058"><info type="network" value="wifi" gravity="medium" comment="Local WiFi network failure (GSM connection)" datetime="2012-05-03T14:09:52Z" /></hkp_request>
in /Users/lionel/Sites/homekeeper/protected/controllers/EventController.php (269)
in /Users/lionel/Sites/homekeeper/index.php (13)
2012/05/03 14:09:55 [info] [application] <?xml version="1.0" encoding="utf-8"?>
<hkp_request home_id="356440045890058"><info type="intrusion" value="presence_detector" gravity="severe" comment="Intrusion, detector no 2 (back door)" datetime="2012-05-03T14:09:53Z" /></hkp_request>
in /Users/lionel/Sites/homekeeper/protected/controllers/EventController.php (269)
in /Users/lionel/Sites/homekeeper/index.php (13)
2012/05/03 14:09:56 [info] [application] <?xml version="1.0" encoding="utf-8"?>
<hkp_request home_id="356440045890058"><info type="power" value="failure" gravity="critical" comment="Main power failure (grid 220V)" datetime="2012-05-03T14:09:53Z" /></hkp_request>
in /Users/lionel/Sites/homekeeper/protected/controllers/EventController.php (269)
in /Users/lionel/Sites/homekeeper/index.php (13)
2012/05/03 14:09:56 [info] [application] <?xml version="1.0" encoding="utf-8"?>
<hkp_request home_id="356440045890058"><info type="network" value="wifi" gravity="medium" comment="Local WiFi network failure (GSM connection)" datetime="2012-05-03T14:09:54Z" /></hkp_request>
in /Users/lionel/Sites/homekeeper/protected/controllers/EventController.php (269)
in /Users/lionel/Sites/homekeeper/index.php (13)
2012/05/03 14:09:57 [info] [application] <?xml version="1.0" encoding="utf-8"?>
<hkp_request home_id="356440045890058"><info type="power" value="failure" gravity="critical" comment="Main power failure (grid 220V)" datetime="2012-05-03T14:09:54Z" /></hkp_request>
in /Users/lionel/Sites/homekeeper/protected/controllers/EventController.php (269)
in /Users/lionel/Sites/homekeeper/index.php (13)
2012/05/03 14:09:57 [info] [application] <?xml version="1.0" encoding="utf-8"?>
<hkp_request home_id="356440045890058"><info type="network" value="wifi" gravity="medium" comment="Local WiFi network failure (GSM connection)" datetime="2012-05-03T14:09:55Z" /></hkp_request>
in /Users/lionel/Sites/homekeeper/protected/controllers/EventController.php (269)
in /Users/lionel/Sites/homekeeper/index.php (13)
2012/05/03 14:09:57 [info] [application] <?xml version="1.0" encoding="utf-8"?>
<hkp_request home_id="356440045890058"><info type="intrusion" value="presence_detector" gravity="severe" comment="Intrusion, detector no 2 (back door)" datetime="2012-05-03T14:09:55Z" /></hkp_request>
in /Users/lionel/Sites/homekeeper/protected/controllers/EventController.php (269)
in /Users/lionel/Sites/homekeeper/index.php (13)
2012/05/03 14:10:09 [info] [application] <?xml version="1.0" encoding="utf-8"?>
<hkp_request home_id="356440045890058"><info type="network" value="wifi" gravity="medium" comment="Local WiFi network failure (GSM connection)" datetime="2012-05-03T14:10:07Z" /></hkp_request>
in /Users/lionel/Sites/homekeeper/protected/controllers/EventController.php (269)
in /Users/lionel/Sites/homekeeper/index.php (13)
2012/05/03 14:10:09 [info] [application] <?xml version="1.0" encoding="utf-8"?>
<hkp_request home_id="356440045890058"><info type="power" value="failure" gravity="critical" comment="Main power failure (grid 220V)" datetime="2012-05-03T14:10:07Z" /></hkp_request>
in /Users/lionel/Sites/homekeeper/protected/controllers/EventController.php (269)
in /Users/lionel/Sites/homekeeper/index.php (13)
2012/05/03 14:10:15 [info] [application] <?xml version="1.0" encoding="utf-8"?>
<hkp_request home_id="356440045890058"><info type="network" value="wifi" gravity="medium" comment="Local WiFi network failure (GSM connection)" datetime="2012-05-03T14:10:13Z" /></hkp_request>
in /Users/lionel/Sites/homekeeper/protected/controllers/EventController.php (269)
in /Users/lionel/Sites/homekeeper/index.php (13)
2012/05/03 14:10:19 [info] [application] <?xml version="1.0" encoding="utf-8"?>
<hkp_request home_id="356440045890058"><info type="intrusion" value="presence_detector" gravity="severe" comment="Intrusion, detector no 2 (back door)" datetime="2012-05-03T14:10:17Z" /></hkp_request>
in /Users/lionel/Sites/homekeeper/protected/controllers/EventController.php (269)
in /Users/lionel/Sites/homekeeper/index.php (13)
2012/05/03 14:14:21 [info] [application] <?xml version="1.0" encoding="utf-8"?>
<hkp_request home_id="356440045890058"><info type="power" value="failure" gravity="critical" comment="Main power failure (grid 220V)" datetime="2012-05-03T14:14:19Z" /></hkp_request>
in /Users/lionel/Sites/homekeeper/protected/controllers/EventController.php (269)
in /Users/lionel/Sites/homekeeper/index.php (13)
2012/05/03 14:14:36 [info] [application] <?xml version="1.0" encoding="utf-8"?>
<hkp_request home_id="356440045890058"><info type="network" value="wifi" gravity="medium" comment="Local WiFi network failure (GSM connection)" datetime="2012-05-03T14:14:33Z" /></hkp_request>
in /Users/lionel/Sites/homekeeper/protected/controllers/EventController.php (269)
in /Users/lionel/Sites/homekeeper/index.php (13)
2012/05/03 14:16:42 [info] [application] <?xml version="1.0" encoding="utf-8"?>
<hkp_request home_id="356440045890058"><info type="power" value="failure" gravity="critical" comment="Main power failure (grid 220V)" datetime="2012-05-03T14:16:40Z" /></hkp_request>
in /Users/lionel/Sites/homekeeper/protected/controllers/EventController.php (269)
in /Users/lionel/Sites/homekeeper/index.php (13)
2012/05/03 14:59:36 [error] [exception.CException] exception 'CException' with message 'Property "CLinkColumn.labelImage" is not defined.' in /Users/lionel/Sites/yii/framework/base/CComponent.php:174
Stack trace:
#0 /Users/lionel/Sites/yii/framework/YiiBase.php(222): CComponent->__set('labelImage', '')
#1 /Users/lionel/Sites/yii/framework/zii/widgets/grid/CGridView.php(313): YiiBase::createComponent(Array, Object(CGridView))
#2 /Users/lionel/Sites/yii/framework/zii/widgets/grid/CGridView.php(284): CGridView->initColumns()
#3 /Users/lionel/Sites/yii/framework/web/CBaseController.php(148): CGridView->init()
#4 /Users/lionel/Sites/yii/framework/web/CBaseController.php(173): CBaseController->createWidget('zii.widgets.gri...', Array)
#5 /Users/lionel/Sites/homekeeper/protected/views/event/_TableEvent.php(27): CBaseController->widget('zii.widgets.gri...', Array)
#6 /Users/lionel/Sites/yii/framework/web/CBaseController.php(127): require('/Users/lionel/S...')
#7 /Users/lionel/Sites/yii/framework/web/CBaseController.php(96): CBaseController->renderInternal('/Users/lionel/S...', Array, true)
#8 /Users/lionel/Sites/yii/framework/web/CController.php(870): CBaseController->renderFile('/Users/lionel/S...', Array, true)
#9 /Users/lionel/Sites/homekeeper/protected/views/event/index.php(31): CController->renderPartial('_tableEvent', Array)
#10 /Users/lionel/Sites/yii/framework/web/CBaseController.php(127): require('/Users/lionel/S...')
#11 /Users/lionel/Sites/yii/framework/web/CBaseController.php(96): CBaseController->renderInternal('/Users/lionel/S...', Array, true)
#12 /Users/lionel/Sites/yii/framework/web/CController.php(870): CBaseController->renderFile('/Users/lionel/S...', Array, true)
#13 /Users/lionel/Sites/yii/framework/web/CController.php(783): CController->renderPartial('index', Array, true)
#14 /Users/lionel/Sites/homekeeper/protected/controllers/EventController.php(171): CController->render('index', Array)
#15 [internal function]: EventController->actionIndex(NULL)
#16 /Users/lionel/Sites/yii/framework/web/actions/CAction.php(107): ReflectionMethod->invokeArgs(Object(EventController), Array)
#17 /Users/lionel/Sites/yii/framework/web/actions/CInlineAction.php(48): CAction->runWithParamsInternal(Object(EventController), Object(ReflectionMethod), Array)
#18 /Users/lionel/Sites/yii/framework/web/CController.php(309): CInlineAction->runWithParams(Array)
#19 /Users/lionel/Sites/yii/framework/web/filters/CFilterChain.php(134): CController->runAction(Object(CInlineAction))
#20 /Users/lionel/Sites/yii/framework/web/filters/CFilter.php(41): CFilterChain->run()
#21 /Users/lionel/Sites/yii/framework/web/CController.php(1146): CFilter->filter(Object(CFilterChain))
#22 /Users/lionel/Sites/yii/framework/web/filters/CInlineFilter.php(59): CController->filterAccessControl(Object(CFilterChain))
#23 /Users/lionel/Sites/yii/framework/web/filters/CFilterChain.php(131): CInlineFilter->filter(Object(CFilterChain))
#24 /Users/lionel/Sites/yii/framework/web/CController.php(292): CFilterChain->run()
#25 /Users/lionel/Sites/yii/framework/web/CController.php(266): CController->runActionWithFilters(Object(CInlineAction), Array)
#26 /Users/lionel/Sites/yii/framework/web/CWebApplication.php(276): CController->run('index')
#27 /Users/lionel/Sites/yii/framework/web/CWebApplication.php(135): CWebApplication->runController('event/index')
#28 /Users/lionel/Sites/yii/framework/base/CApplication.php(162): CWebApplication->processRequest()
#29 /Users/lionel/Sites/homekeeper/index.php(13): CApplication->run()
#30 {main}
REQUEST_URI=/homekeeper/index.php/event/index
---
2012/05/03 15:07:29 [error] [exception.CException] exception 'CException' with message 'Property "CLinkColumn.labelImage" is not defined.' in /Users/lionel/Sites/yii/framework/base/CComponent.php:174
Stack trace:
#0 /Users/lionel/Sites/yii/framework/YiiBase.php(222): CComponent->__set('labelImage', 'Clock_Small.png')
#1 /Users/lionel/Sites/yii/framework/zii/widgets/grid/CGridView.php(313): YiiBase::createComponent(Array, Object(CGridView))
#2 /Users/lionel/Sites/yii/framework/zii/widgets/grid/CGridView.php(284): CGridView->initColumns()
#3 /Users/lionel/Sites/yii/framework/web/CBaseController.php(148): CGridView->init()
#4 /Users/lionel/Sites/yii/framework/web/CBaseController.php(173): CBaseController->createWidget('zii.widgets.gri...', Array)
#5 /Users/lionel/Sites/homekeeper/protected/views/event/_TableEvent.php(27): CBaseController->widget('zii.widgets.gri...', Array)
#6 /Users/lionel/Sites/yii/framework/web/CBaseController.php(127): require('/Users/lionel/S...')
#7 /Users/lionel/Sites/yii/framework/web/CBaseController.php(96): CBaseController->renderInternal('/Users/lionel/S...', Array, true)
#8 /Users/lionel/Sites/yii/framework/web/CController.php(870): CBaseController->renderFile('/Users/lionel/S...', Array, true)
#9 /Users/lionel/Sites/homekeeper/protected/views/event/index.php(31): CController->renderPartial('_tableEvent', Array)
#10 /Users/lionel/Sites/yii/framework/web/CBaseController.php(127): require('/Users/lionel/S...')
#11 /Users/lionel/Sites/yii/framework/web/CBaseController.php(96): CBaseController->renderInternal('/Users/lionel/S...', Array, true)
#12 /Users/lionel/Sites/yii/framework/web/CController.php(870): CBaseController->renderFile('/Users/lionel/S...', Array, true)
#13 /Users/lionel/Sites/yii/framework/web/CController.php(783): CController->renderPartial('index', Array, true)
#14 /Users/lionel/Sites/homekeeper/protected/controllers/EventController.php(171): CController->render('index', Array)
#15 [internal function]: EventController->actionIndex(NULL)
#16 /Users/lionel/Sites/yii/framework/web/actions/CAction.php(107): ReflectionMethod->invokeArgs(Object(EventController), Array)
#17 /Users/lionel/Sites/yii/framework/web/actions/CInlineAction.php(48): CAction->runWithParamsInternal(Object(EventController), Object(ReflectionMethod), Array)
#18 /Users/lionel/Sites/yii/framework/web/CController.php(309): CInlineAction->runWithParams(Array)
#19 /Users/lionel/Sites/yii/framework/web/filters/CFilterChain.php(134): CController->runAction(Object(CInlineAction))
#20 /Users/lionel/Sites/yii/framework/web/filters/CFilter.php(41): CFilterChain->run()
#21 /Users/lionel/Sites/yii/framework/web/CController.php(1146): CFilter->filter(Object(CFilterChain))
#22 /Users/lionel/Sites/yii/framework/web/filters/CInlineFilter.php(59): CController->filterAccessControl(Object(CFilterChain))
#23 /Users/lionel/Sites/yii/framework/web/filters/CFilterChain.php(131): CInlineFilter->filter(Object(CFilterChain))
#24 /Users/lionel/Sites/yii/framework/web/CController.php(292): CFilterChain->run()
#25 /Users/lionel/Sites/yii/framework/web/CController.php(266): CController->runActionWithFilters(Object(CInlineAction), Array)
#26 /Users/lionel/Sites/yii/framework/web/CWebApplication.php(276): CController->run('index')
#27 /Users/lionel/Sites/yii/framework/web/CWebApplication.php(135): CWebApplication->runController('event/index')
#28 /Users/lionel/Sites/yii/framework/base/CApplication.php(162): CWebApplication->processRequest()
#29 /Users/lionel/Sites/homekeeper/index.php(13): CApplication->run()
#30 {main}
REQUEST_URI=/homekeeper/index.php/event/index
---
2012/05/03 15:07:33 [error] [exception.CException] exception 'CException' with message 'Property "CLinkColumn.labelImage" is not defined.' in /Users/lionel/Sites/yii/framework/base/CComponent.php:174
Stack trace:
#0 /Users/lionel/Sites/yii/framework/YiiBase.php(222): CComponent->__set('labelImage', 'Clock_Small.png')
#1 /Users/lionel/Sites/yii/framework/zii/widgets/grid/CGridView.php(313): YiiBase::createComponent(Array, Object(CGridView))
#2 /Users/lionel/Sites/yii/framework/zii/widgets/grid/CGridView.php(284): CGridView->initColumns()
#3 /Users/lionel/Sites/yii/framework/web/CBaseController.php(148): CGridView->init()
#4 /Users/lionel/Sites/yii/framework/web/CBaseController.php(173): CBaseController->createWidget('zii.widgets.gri...', Array)
#5 /Users/lionel/Sites/homekeeper/protected/views/event/_TableEvent.php(27): CBaseController->widget('zii.widgets.gri...', Array)
#6 /Users/lionel/Sites/yii/framework/web/CBaseController.php(127): require('/Users/lionel/S...')
#7 /Users/lionel/Sites/yii/framework/web/CBaseController.php(96): CBaseController->renderInternal('/Users/lionel/S...', Array, true)
#8 /Users/lionel/Sites/yii/framework/web/CController.php(870): CBaseController->renderFile('/Users/lionel/S...', Array, true)
#9 /Users/lionel/Sites/homekeeper/protected/views/event/index.php(31): CController->renderPartial('_tableEvent', Array)
#10 /Users/lionel/Sites/yii/framework/web/CBaseController.php(127): require('/Users/lionel/S...')
#11 /Users/lionel/Sites/yii/framework/web/CBaseController.php(96): CBaseController->renderInternal('/Users/lionel/S...', Array, true)
#12 /Users/lionel/Sites/yii/framework/web/CController.php(870): CBaseController->renderFile('/Users/lionel/S...', Array, true)
#13 /Users/lionel/Sites/yii/framework/web/CController.php(783): CController->renderPartial('index', Array, true)
#14 /Users/lionel/Sites/homekeeper/protected/controllers/EventController.php(171): CController->render('index', Array)
#15 [internal function]: EventController->actionIndex(NULL)
#16 /Users/lionel/Sites/yii/framework/web/actions/CAction.php(107): ReflectionMethod->invokeArgs(Object(EventController), Array)
#17 /Users/lionel/Sites/yii/framework/web/actions/CInlineAction.php(48): CAction->runWithParamsInternal(Object(EventController), Object(ReflectionMethod), Array)
#18 /Users/lionel/Sites/yii/framework/web/CController.php(309): CInlineAction->runWithParams(Array)
#19 /Users/lionel/Sites/yii/framework/web/filters/CFilterChain.php(134): CController->runAction(Object(CInlineAction))
#20 /Users/lionel/Sites/yii/framework/web/filters/CFilter.php(41): CFilterChain->run()
#21 /Users/lionel/Sites/yii/framework/web/CController.php(1146): CFilter->filter(Object(CFilterChain))
#22 /Users/lionel/Sites/yii/framework/web/filters/CInlineFilter.php(59): CController->filterAccessControl(Object(CFilterChain))
#23 /Users/lionel/Sites/yii/framework/web/filters/CFilterChain.php(131): CInlineFilter->filter(Object(CFilterChain))
#24 /Users/lionel/Sites/yii/framework/web/CController.php(292): CFilterChain->run()
#25 /Users/lionel/Sites/yii/framework/web/CController.php(266): CController->runActionWithFilters(Object(CInlineAction), Array)
#26 /Users/lionel/Sites/yii/framework/web/CWebApplication.php(276): CController->run('index')
#27 /Users/lionel/Sites/yii/framework/web/CWebApplication.php(135): CWebApplication->runController('event/index')
#28 /Users/lionel/Sites/yii/framework/base/CApplication.php(162): CWebApplication->processRequest()
#29 /Users/lionel/Sites/homekeeper/index.php(13): CApplication->run()
#30 {main}
REQUEST_URI=/homekeeper/index.php/event/index
---
2012/05/03 15:08:02 [error] [exception.CException] exception 'CException' with message 'Property "CLinkColumn.labelImage" is not defined.' in /Users/lionel/Sites/yii/framework/base/CComponent.php:174
Stack trace:
#0 /Users/lionel/Sites/yii/framework/YiiBase.php(222): CComponent->__set('labelImage', 'CHtml::image("C...')
#1 /Users/lionel/Sites/yii/framework/zii/widgets/grid/CGridView.php(313): YiiBase::createComponent(Array, Object(CGridView))
#2 /Users/lionel/Sites/yii/framework/zii/widgets/grid/CGridView.php(284): CGridView->initColumns()
#3 /Users/lionel/Sites/yii/framework/web/CBaseController.php(148): CGridView->init()
#4 /Users/lionel/Sites/yii/framework/web/CBaseController.php(173): CBaseController->createWidget('zii.widgets.gri...', Array)
#5 /Users/lionel/Sites/homekeeper/protected/views/event/_TableEvent.php(27): CBaseController->widget('zii.widgets.gri...', Array)
#6 /Users/lionel/Sites/yii/framework/web/CBaseController.php(127): require('/Users/lionel/S...')
#7 /Users/lionel/Sites/yii/framework/web/CBaseController.php(96): CBaseController->renderInternal('/Users/lionel/S...', Array, true)
#8 /Users/lionel/Sites/yii/framework/web/CController.php(870): CBaseController->renderFile('/Users/lionel/S...', Array, true)
#9 /Users/lionel/Sites/homekeeper/protected/views/event/index.php(31): CController->renderPartial('_tableEvent', Array)
#10 /Users/lionel/Sites/yii/framework/web/CBaseController.php(127): require('/Users/lionel/S...')
#11 /Users/lionel/Sites/yii/framework/web/CBaseController.php(96): CBaseController->renderInternal('/Users/lionel/S...', Array, true)
#12 /Users/lionel/Sites/yii/framework/web/CController.php(870): CBaseController->renderFile('/Users/lionel/S...', Array, true)
#13 /Users/lionel/Sites/yii/framework/web/CController.php(783): CController->renderPartial('index', Array, true)
#14 /Users/lionel/Sites/homekeeper/protected/controllers/EventController.php(171): CController->render('index', Array)
#15 [internal function]: EventController->actionIndex(NULL)
#16 /Users/lionel/Sites/yii/framework/web/actions/CAction.php(107): ReflectionMethod->invokeArgs(Object(EventController), Array)
#17 /Users/lionel/Sites/yii/framework/web/actions/CInlineAction.php(48): CAction->runWithParamsInternal(Object(EventController), Object(ReflectionMethod), Array)
#18 /Users/lionel/Sites/yii/framework/web/CController.php(309): CInlineAction->runWithParams(Array)
#19 /Users/lionel/Sites/yii/framework/web/filters/CFilterChain.php(134): CController->runAction(Object(CInlineAction))
#20 /Users/lionel/Sites/yii/framework/web/filters/CFilter.php(41): CFilterChain->run()
#21 /Users/lionel/Sites/yii/framework/web/CController.php(1146): CFilter->filter(Object(CFilterChain))
#22 /Users/lionel/Sites/yii/framework/web/filters/CInlineFilter.php(59): CController->filterAccessControl(Object(CFilterChain))
#23 /Users/lionel/Sites/yii/framework/web/filters/CFilterChain.php(131): CInlineFilter->filter(Object(CFilterChain))
#24 /Users/lionel/Sites/yii/framework/web/CController.php(292): CFilterChain->run()
#25 /Users/lionel/Sites/yii/framework/web/CController.php(266): CController->runActionWithFilters(Object(CInlineAction), Array)
#26 /Users/lionel/Sites/yii/framework/web/CWebApplication.php(276): CController->run('index')
#27 /Users/lionel/Sites/yii/framework/web/CWebApplication.php(135): CWebApplication->runController('event/index')
#28 /Users/lionel/Sites/yii/framework/base/CApplication.php(162): CWebApplication->processRequest()
#29 /Users/lionel/Sites/homekeeper/index.php(13): CApplication->run()
#30 {main}
REQUEST_URI=/homekeeper/index.php/event/index
---
2012/05/03 15:30:33 [error] [exception.CHttpException.404] exception 'CHttpException' with message 'The system is unable to find the requested action "Clock_Small.png".' in /Users/lionel/Sites/yii/framework/web/CController.php:484
Stack trace:
#0 /Users/lionel/Sites/yii/framework/web/CController.php(271): CController->missingAction('Clock_Small.png')
#1 /Users/lionel/Sites/yii/framework/web/CWebApplication.php(276): CController->run('Clock_Small.png')
#2 /Users/lionel/Sites/yii/framework/web/CWebApplication.php(135): CWebApplication->runController('event/Clock_Sma...')
#3 /Users/lionel/Sites/yii/framework/base/CApplication.php(162): CWebApplication->processRequest()
#4 /Users/lionel/Sites/homekeeper/index.php(13): CApplication->run()
#5 {main}
REQUEST_URI=/homekeeper/index.php/event/Clock_Small.png
HTTP_REFERER=http://localhost:8888/homekeeper/index.php/event/index
---
2012/05/03 15:30:51 [error] [php] include(/images/CLinkColumn.php) [<a href='function.include'>function.include</a>]: failed to open stream: No such file or directory (/Users/lionel/Sites/yii/framework/YiiBase.php:418)
Stack trace:
#0 /Users/lionel/Sites/yii/framework/YiiBase.php(198): import()
#1 /Users/lionel/Sites/yii/framework/zii/widgets/grid/CGridView.php(313): createComponent()
#2 /Users/lionel/Sites/yii/framework/zii/widgets/grid/CGridView.php(284): CGridView->initColumns()
#3 /Users/lionel/Sites/yii/framework/web/CBaseController.php(148): CGridView->init()
#4 /Users/lionel/Sites/yii/framework/web/CBaseController.php(173): EventController->createWidget()
#5 /Users/lionel/Sites/homekeeper/protected/views/event/_TableEvent.php(27): EventController->widget()
#6 /Users/lionel/Sites/yii/framework/web/CBaseController.php(127): require()
#7 /Users/lionel/Sites/yii/framework/web/CBaseController.php(96): EventController->renderInternal()
#8 /Users/lionel/Sites/yii/framework/web/CController.php(870): EventController->renderFile()
#9 /Users/lionel/Sites/homekeeper/protected/views/event/index.php(31): EventController->renderPartial()
#10 /Users/lionel/Sites/yii/framework/web/CBaseController.php(127): require()
#11 /Users/lionel/Sites/yii/framework/web/CBaseController.php(96): EventController->renderInternal()
#12 /Users/lionel/Sites/yii/framework/web/CController.php(870): EventController->renderFile()
#13 /Users/lionel/Sites/yii/framework/web/CController.php(783): EventController->renderPartial()
#14 /Users/lionel/Sites/homekeeper/protected/controllers/EventController.php(171): EventController->render()
#15 unknown(0): EventController->actionIndex()
#16 /Users/lionel/Sites/yii/framework/web/actions/CAction.php(107): ReflectionMethod->invokeArgs()
#17 /Users/lionel/Sites/yii/framework/web/actions/CInlineAction.php(48): CInlineAction->runWithParamsInternal()
#18 /Users/lionel/Sites/yii/framework/web/CController.php(309): CInlineAction->runWithParams()
#19 /Users/lionel/Sites/yii/framework/web/filters/CFilterChain.php(134): EventController->runAction()
#20 /Users/lionel/Sites/yii/framework/web/filters/CFilter.php(41): CFilterChain->run()
#21 /Users/lionel/Sites/yii/framework/web/CController.php(1146): CAccessControlFilter->filter()
#22 /Users/lionel/Sites/yii/framework/web/filters/CInlineFilter.php(59): EventController->filterAccessControl()
#23 /Users/lionel/Sites/yii/framework/web/filters/CFilterChain.php(131): CInlineFilter->filter()
#24 /Users/lionel/Sites/yii/framework/web/CController.php(292): CFilterChain->run()
#25 /Users/lionel/Sites/yii/framework/web/CController.php(266): EventController->runActionWithFilters()
#26 /Users/lionel/Sites/yii/framework/web/CWebApplication.php(276): EventController->run()
#27 /Users/lionel/Sites/yii/framework/web/CWebApplication.php(135): CWebApplication->runController()
#28 /Users/lionel/Sites/yii/framework/base/CApplication.php(162): CWebApplication->processRequest()
#29 /Users/lionel/Sites/homekeeper/index.php(13): CWebApplication->run()
REQUEST_URI=/homekeeper/index.php/event/index
in /Users/lionel/Sites/homekeeper/protected/views/event/_TableEvent.php (27)
in /Users/lionel/Sites/homekeeper/protected/views/event/index.php (31)
in /Users/lionel/Sites/homekeeper/protected/controllers/EventController.php (171)
2012/05/03 15:35:50 [error] [php] A non well formed numeric value encountered (/Users/lionel/Sites/yii/framework/base/CComponent.php(607) : eval()'d code:1)
Stack trace:
#0 /Users/lionel/Sites/yii/framework/zii/widgets/grid/CDataColumn.php(139): CDataColumn->evaluateExpression()
#1 /Users/lionel/Sites/yii/framework/zii/widgets/grid/CGridColumn.php(138): CDataColumn->renderDataCellContent()
#2 /Users/lionel/Sites/yii/framework/zii/widgets/grid/CGridView.php(517): CDataColumn->renderDataCell()
#3 /Users/lionel/Sites/yii/framework/zii/widgets/grid/CGridView.php(490): CGridView->renderTableRow()
#4 /Users/lionel/Sites/yii/framework/zii/widgets/grid/CGridView.php(400): CGridView->renderTableBody()
#5 /Users/lionel/Sites/yii/framework/zii/widgets/CBaseListView.php(158): CGridView->renderItems()
#6 unknown(0): CGridView->renderSection()
#7 /Users/lionel/Sites/yii/framework/zii/widgets/CBaseListView.php(141): preg_replace_callback()
#8 /Users/lionel/Sites/yii/framework/zii/widgets/CBaseListView.php(126): CGridView->renderContent()
#9 /Users/lionel/Sites/yii/framework/web/CBaseController.php(174): CGridView->run()
#10 /Users/lionel/Sites/homekeeper/protected/views/event/_TableEvent.php(27): EventController->widget()
#11 /Users/lionel/Sites/yii/framework/web/CBaseController.php(127): require()
#12 /Users/lionel/Sites/yii/framework/web/CBaseController.php(96): EventController->renderInternal()
#13 /Users/lionel/Sites/yii/framework/web/CController.php(870): EventController->renderFile()
#14 /Users/lionel/Sites/homekeeper/protected/views/event/index.php(31): EventController->renderPartial()
#15 /Users/lionel/Sites/yii/framework/web/CBaseController.php(127): require()
#16 /Users/lionel/Sites/yii/framework/web/CBaseController.php(96): EventController->renderInternal()
#17 /Users/lionel/Sites/yii/framework/web/CController.php(870): EventController->renderFile()
#18 /Users/lionel/Sites/yii/framework/web/CController.php(783): EventController->renderPartial()
#19 /Users/lionel/Sites/homekeeper/protected/controllers/EventController.php(171): EventController->render()
#20 unknown(0): EventController->actionIndex()
#21 /Users/lionel/Sites/yii/framework/web/actions/CAction.php(107): ReflectionMethod->invokeArgs()
#22 /Users/lionel/Sites/yii/framework/web/actions/CInlineAction.php(48): CInlineAction->runWithParamsInternal()
#23 /Users/lionel/Sites/yii/framework/web/CController.php(309): CInlineAction->runWithParams()
#24 /Users/lionel/Sites/yii/framework/web/filters/CFilterChain.php(134): EventController->runAction()
#25 /Users/lionel/Sites/yii/framework/web/filters/CFilter.php(41): CFilterChain->run()
#26 /Users/lionel/Sites/yii/framework/web/CController.php(1146): CAccessControlFilter->filter()
#27 /Users/lionel/Sites/yii/framework/web/filters/CInlineFilter.php(59): EventController->filterAccessControl()
#28 /Users/lionel/Sites/yii/framework/web/filters/CFilterChain.php(131): CInlineFilter->filter()
#29 /Users/lionel/Sites/yii/framework/web/CController.php(292): CFilterChain->run()
#30 /Users/lionel/Sites/yii/framework/web/CController.php(266): EventController->runActionWithFilters()
#31 /Users/lionel/Sites/yii/framework/web/CWebApplication.php(276): EventController->run()
#32 /Users/lionel/Sites/yii/framework/web/CWebApplication.php(135): CWebApplication->runController()
#33 /Users/lionel/Sites/yii/framework/base/CApplication.php(162): CWebApplication->processRequest()
#34 /Users/lionel/Sites/homekeeper/index.php(13): CWebApplication->run()
REQUEST_URI=/homekeeper/index.php/event/index?home_id=356440045890058
in /Users/lionel/Sites/homekeeper/protected/views/event/_TableEvent.php (27)
in /Users/lionel/Sites/homekeeper/protected/views/event/index.php (31)
in /Users/lionel/Sites/homekeeper/protected/controllers/EventController.php (171)
2012/05/03 15:40:23 [error] [exception.CHttpException.404] exception 'CHttpException' with message 'The system is unable to find the requested action "Clock_Small.png".' in /Users/lionel/Sites/yii/framework/web/CController.php:484
Stack trace:
#0 /Users/lionel/Sites/yii/framework/web/CController.php(271): CController->missingAction('Clock_Small.png')
#1 /Users/lionel/Sites/yii/framework/web/CWebApplication.php(276): CController->run('Clock_Small.png')
#2 /Users/lionel/Sites/yii/framework/web/CWebApplication.php(135): CWebApplication->runController('event/Clock_Sma...')
#3 /Users/lionel/Sites/yii/framework/base/CApplication.php(162): CWebApplication->processRequest()
#4 /Users/lionel/Sites/homekeeper/index.php(13): CApplication->run()
#5 {main}
REQUEST_URI=/homekeeper/index.php/event/Clock_Small.png
HTTP_REFERER=http://localhost:8888/homekeeper/index.php/event/index?home_id=356440045890058
---
2012/05/03 15:49:07 [error] [exception.CHttpException.404] exception 'CHttpException' with message 'The system is unable to find the requested action "check".' in /Users/lionel/Sites/yii/framework/web/CController.php:484
Stack trace:
#0 /Users/lionel/Sites/yii/framework/web/CController.php(271): CController->missingAction('check')
#1 /Users/lionel/Sites/yii/framework/web/CWebApplication.php(276): CController->run('check')
#2 /Users/lionel/Sites/yii/framework/web/CWebApplication.php(135): CWebApplication->runController('event/check')
#3 /Users/lionel/Sites/yii/framework/base/CApplication.php(162): CWebApplication->processRequest()
#4 /Users/lionel/Sites/homekeeper/index.php(13): CApplication->run()
#5 {main}
REQUEST_URI=/homekeeper/index.php/event/check/23
HTTP_REFERER=http://localhost:8888/homekeeper/index.php/event/index?home_id=356440045890058
---
2012/05/03 16:00:57 [error] [exception.CHttpException.403] exception 'CHttpException' with message 'You are not authorized to perform this action.' in /Users/lionel/Sites/yii/framework/web/auth/CAccessControlFilter.php:157
Stack trace:
#0 /Users/lionel/Sites/yii/framework/web/auth/CAccessControlFilter.php(120): CAccessControlFilter->accessDenied(Object(CWebUser), 'You are not aut...')
#1 /Users/lionel/Sites/yii/framework/web/filters/CFilter.php(39): CAccessControlFilter->preFilter(Object(CFilterChain))
#2 /Users/lionel/Sites/yii/framework/web/CController.php(1146): CFilter->filter(Object(CFilterChain))
#3 /Users/lionel/Sites/yii/framework/web/filters/CInlineFilter.php(59): CController->filterAccessControl(Object(CFilterChain))
#4 /Users/lionel/Sites/yii/framework/web/filters/CFilterChain.php(131): CInlineFilter->filter(Object(CFilterChain))
#5 /Users/lionel/Sites/yii/framework/web/CController.php(292): CFilterChain->run()
#6 /Users/lionel/Sites/yii/framework/web/CController.php(266): CController->runActionWithFilters(Object(CInlineAction), Array)
#7 /Users/lionel/Sites/yii/framework/web/CWebApplication.php(276): CController->run('check')
#8 /Users/lionel/Sites/yii/framework/web/CWebApplication.php(135): CWebApplication->runController('event/check')
#9 /Users/lionel/Sites/yii/framework/base/CApplication.php(162): CWebApplication->processRequest()
#10 /Users/lionel/Sites/homekeeper/index.php(13): CApplication->run()
#11 {main}
REQUEST_URI=/homekeeper/index.php/event/check/23
HTTP_REFERER=http://localhost:8888/homekeeper/index.php/event/index?home_id=356440045890058
---
2012/05/03 16:01:37 [error] [exception.CException] exception 'CException' with message 'EventController and its behaviors do not have a method or closure named "getTableAlias".' in /Users/lionel/Sites/yii/framework/base/CComponent.php:266
Stack trace:
#0 /Users/lionel/Sites/yii/framework/db/ar/CActiveRecord.php(1420): CComponent->__call('getTableAlias', Array)
#1 /Users/lionel/Sites/yii/framework/db/ar/CActiveRecord.php(1420): EventController->getTableAlias(true)
#2 /Users/lionel/Sites/homekeeper/protected/controllers/EventController.php(233): CActiveRecord->findByPk('23')
#3 [internal function]: EventController->actionCheck('23')
#4 /Users/lionel/Sites/yii/framework/web/actions/CAction.php(107): ReflectionMethod->invokeArgs(Object(EventController), Array)
#5 /Users/lionel/Sites/yii/framework/web/actions/CInlineAction.php(48): CAction->runWithParamsInternal(Object(EventController), Object(ReflectionMethod), Array)
#6 /Users/lionel/Sites/yii/framework/web/CController.php(309): CInlineAction->runWithParams(Array)
#7 /Users/lionel/Sites/yii/framework/web/filters/CFilterChain.php(134): CController->runAction(Object(CInlineAction))
#8 /Users/lionel/Sites/yii/framework/web/filters/CFilter.php(41): CFilterChain->run()
#9 /Users/lionel/Sites/yii/framework/web/CController.php(1146): CFilter->filter(Object(CFilterChain))
#10 /Users/lionel/Sites/yii/framework/web/filters/CInlineFilter.php(59): CController->filterAccessControl(Object(CFilterChain))
#11 /Users/lionel/Sites/yii/framework/web/filters/CFilterChain.php(131): CInlineFilter->filter(Object(CFilterChain))
#12 /Users/lionel/Sites/yii/framework/web/CController.php(292): CFilterChain->run()
#13 /Users/lionel/Sites/yii/framework/web/CController.php(266): CController->runActionWithFilters(Object(CInlineAction), Array)
#14 /Users/lionel/Sites/yii/framework/web/CWebApplication.php(276): CController->run('check')
#15 /Users/lionel/Sites/yii/framework/web/CWebApplication.php(135): CWebApplication->runController('event/check')
#16 /Users/lionel/Sites/yii/framework/base/CApplication.php(162): CWebApplication->processRequest()
#17 /Users/lionel/Sites/homekeeper/index.php(13): CApplication->run()
#18 {main}
REQUEST_URI=/homekeeper/index.php/event/check/23
HTTP_REFERER=http://localhost:8888/homekeeper/index.php/event/index?home_id=356440045890058
---
2012/05/03 16:15:56 [error] [exception.CHttpException.400] exception 'CHttpException' with message 'Your request is invalid.' in /Users/lionel/Sites/yii/framework/web/CController.php:337
Stack trace:
#0 /Users/lionel/Sites/yii/framework/web/CController.php(310): CController->invalidActionParams(Object(CInlineAction))
#1 /Users/lionel/Sites/yii/framework/web/filters/CFilterChain.php(134): CController->runAction(Object(CInlineAction))
#2 /Users/lionel/Sites/yii/framework/web/filters/CFilter.php(41): CFilterChain->run()
#3 /Users/lionel/Sites/yii/framework/web/CController.php(1146): CFilter->filter(Object(CFilterChain))
#4 /Users/lionel/Sites/yii/framework/web/filters/CInlineFilter.php(59): CController->filterAccessControl(Object(CFilterChain))
#5 /Users/lionel/Sites/yii/framework/web/filters/CFilterChain.php(131): CInlineFilter->filter(Object(CFilterChain))
#6 /Users/lionel/Sites/yii/framework/web/CController.php(292): CFilterChain->run()
#7 /Users/lionel/Sites/yii/framework/web/CController.php(266): CController->runActionWithFilters(Object(CInlineAction), Array)
#8 /Users/lionel/Sites/yii/framework/web/CWebApplication.php(276): CController->run('check')
#9 /Users/lionel/Sites/yii/framework/web/CWebApplication.php(135): CWebApplication->runController('event/check/ind...')
#10 /Users/lionel/Sites/yii/framework/base/CApplication.php(162): CWebApplication->processRequest()
#11 /Users/lionel/Sites/homekeeper/index.php(13): CApplication->run()
#12 {main}
REQUEST_URI=/homekeeper/index.php/event/check/index
---
2012/05/03 16:16:06 [error] [exception.CHttpException.400] exception 'CHttpException' with message 'Your request is invalid.' in /Users/lionel/Sites/yii/framework/web/CController.php:337
Stack trace:
#0 /Users/lionel/Sites/yii/framework/web/CController.php(310): CController->invalidActionParams(Object(CInlineAction))
#1 /Users/lionel/Sites/yii/framework/web/filters/CFilterChain.php(134): CController->runAction(Object(CInlineAction))
#2 /Users/lionel/Sites/yii/framework/web/filters/CFilter.php(41): CFilterChain->run()
#3 /Users/lionel/Sites/yii/framework/web/CController.php(1146): CFilter->filter(Object(CFilterChain))
#4 /Users/lionel/Sites/yii/framework/web/filters/CInlineFilter.php(59): CController->filterAccessControl(Object(CFilterChain))
#5 /Users/lionel/Sites/yii/framework/web/filters/CFilterChain.php(131): CInlineFilter->filter(Object(CFilterChain))
#6 /Users/lionel/Sites/yii/framework/web/CController.php(292): CFilterChain->run()
#7 /Users/lionel/Sites/yii/framework/web/CController.php(266): CController->runActionWithFilters(Object(CInlineAction), Array)
#8 /Users/lionel/Sites/yii/framework/web/CWebApplication.php(276): CController->run('check')
#9 /Users/lionel/Sites/yii/framework/web/CWebApplication.php(135): CWebApplication->runController('event/check/ind...')
#10 /Users/lionel/Sites/yii/framework/base/CApplication.php(162): CWebApplication->processRequest()
#11 /Users/lionel/Sites/homekeeper/index.php(13): CApplication->run()
#12 {main}
REQUEST_URI=/homekeeper/index.php/event/check/index
HTTP_REFERER=http://localhost:8888/homekeeper/index.php/event/
---
